The system is: Linux - 3.10.0-1160.el7.x86_64 - x86_64
Compiling the CXX compiler identification source file "CMakeCXXCompilerId.cpp" succeeded.
Compiler: /data0/home/wjl/software/gcc-9.4/usr/local/bin/c++ 
Build flags: 
Id flags:  

The output was:
0


Compilation of the CXX compiler identification source "CMakeCXXCompilerId.cpp" produced "a.out"

The CXX compiler identification is GNU, found in "/data0/home/wjl/matrixSolver/solver/src_cpp_learning/build/CMakeFiles/3.20.6/CompilerIdCXX/a.out"

Checking whether the CUDA compiler is NVIDIA using "" matched "nvcc: NVIDIA \(R\) Cuda compiler driver":
nvcc: NVIDIA (R) Cuda compiler driver
Copyright (c) 2005-2021 NVIDIA Corporation
Built on Thu_Nov_18_09:45:30_PST_2021
Cuda compilation tools, release 11.5, V11.5.119
Build cuda_11.5.r11.5/compiler.30672275_0
Compiling the CUDA compiler identification source file "CMakeCUDACompilerId.cu" succeeded.
Compiler: /public/software/cuda-11.5/bin/nvcc 
Build flags: 
Id flags: --keep;--keep-dir;tmp;-gencode=arch=compute_80,code=sm_80 -v

The output was:
0
#$ _NVVM_BRANCH_=nvvm
#$ _SPACE_= 
#$ _CUDART_=cudart
#$ _HERE_=/public/software/cuda-11.5/bin
#$ _THERE_=/public/software/cuda-11.5/bin
#$ _TARGET_SIZE_=
#$ _TARGET_DIR_=
#$ _TARGET_DIR_=targets/x86_64-linux
#$ TOP=/public/software/cuda-11.5/bin/..
#$ NVVMIR_LIBRARY_DIR=/public/software/cuda-11.5/bin/../nvvm/libdevice
#$ LD_LIBRARY_PATH=/public/software/cuda-11.5/bin/../lib:/data0/home/wjl/ucvm-19.4.0/model/cvms5/lib:/data0/home/wjl/ucvm-19.4.0/model/cvms426/lib:/data0/home/wjl/ucvm-19.4.0/model/cvms/lib:/data0/home/wjl/ucvm-19.4.0/model/cvmh1511/lib:/data0/home/wjl/ucvm-19.4.0/model/cencal/lib:/data0/home/wjl/ucvm-19.4.0/lib/proj-5/lib:/data0/home/wjl/ucvm-19.4.0/lib/fftw/lib:/data0/home/wjl/ucvm-19.4.0/lib/euclid3/lib:/data0/home/wjl/ucvm-19.4.0/lib/:/public/software/mpich-4.0a2/lib:/public/software/netcdf-c-4.8.0/lib:/public/software/gmt-6.0.0/lib64:/public/software/cuda-11.5/lib64:/public/software/cuda-10.0/lib64:/public/software/openmpi-4.1.1-cuda.10/lib:/data0/home/wjl/software/gcc-9.4/usr/local/lib64:
#$ PATH=/public/software/cuda-11.5/bin/../nvvm/bin:/public/software/cuda-11.5/bin:/data0/home/wjl/.conda/envs/python3.9/bin:/public/software/anaconda3/condabin:/public/software/gmt-6.0.0/bin:/public/software/sqlite3/bin:/public/software/mpich-4.0a2/bin:/public/software/anaconda3/bin:/public/software/cuda-11.5/bin:/public/software/Matlab2021/bin:/public/software/netcdf-c-4.8.0/bin:/public/software/openmpi-4.1.1-cuda.10/bin:/data0/home/wjl/software/cmake-3.20/bin:/data0/home/wjl/software/gcc-9.4/usr/local/bin:/usr/lib64/qt-3.3/bin:/usr/local/bin:/usr/bin:/usr/local/sbin:/usr/sbin:/public/software/sac/bin:/data0/home/wjl/.local/bin:/data0/home/wjl/bin
#$ INCLUDES="-I/public/software/cuda-11.5/bin/../targets/x86_64-linux/include"  
#$ LIBRARIES=  "-L/public/software/cuda-11.5/bin/../targets/x86_64-linux/lib/stubs" "-L/public/software/cuda-11.5/bin/../targets/x86_64-linux/lib"
#$ CUDAFE_FLAGS=
#$ PTXAS_FLAGS=
#$ rm tmp/a_dlink.reg.c
#$ gcc -D__CUDA_ARCH__=800 -D__CUDA_ARCH_LIST__=800 -E -x c++  -DCUDA_DOUBLE_MATH_FUNCTIONS -D__CUDACC__ -D__NVCC__  "-I/public/software/cuda-11.5/bin/../targets/x86_64-linux/include"    -D__CUDACC_VER_MAJOR__=11 -D__CUDACC_VER_MINOR__=5 -D__CUDACC_VER_BUILD__=119 -D__CUDA_API_VER_MAJOR__=11 -D__CUDA_API_VER_MINOR__=5 -D__NVCC_DIAG_PRAGMA_SUPPORT__=1 -include "cuda_runtime.h" -m64 "CMakeCUDACompilerId.cu" -o "tmp/CMakeCUDACompilerId.cpp1.ii" 
#$ cicc --c++14 --gnu_version=90400 --display_error_number --orig_src_file_name "CMakeCUDACompilerId.cu" --orig_src_path_name "/data0/home/wjl/matrixSolver/solver/src_cpp_learning/build/CMakeFiles/3.20.6/CompilerIdCUDA/CMakeCUDACompilerId.cu" --allow_managed   -arch compute_80 -m64 --no-version-ident -ftz=0 -prec_div=1 -prec_sqrt=1 -fmad=1 --include_file_name "CMakeCUDACompilerId.fatbin.c" -tused --gen_module_id_file --module_id_file_name "tmp/CMakeCUDACompilerId.module_id" --gen_c_file_name "tmp/CMakeCUDACompilerId.cudafe1.c" --stub_file_name "tmp/CMakeCUDACompilerId.cudafe1.stub.c" --gen_device_file_name "tmp/CMakeCUDACompilerId.cudafe1.gpu"  "tmp/CMakeCUDACompilerId.cpp1.ii" -o "tmp/CMakeCUDACompilerId.ptx"
#$ ptxas -arch=sm_80 -m64  "tmp/CMakeCUDACompilerId.ptx"  -o "tmp/CMakeCUDACompilerId.cubin" 
#$ fatbinary --create="tmp/CMakeCUDACompilerId.fatbin" -64 --cicc-cmdline="-ftz=0 -prec_div=1 -prec_sqrt=1 -fmad=1 " "--image3=kind=elf,sm=80,file=tmp/CMakeCUDACompilerId.cubin" --embedded-fatbin="tmp/CMakeCUDACompilerId.fatbin.c" 
#$ gcc -D__CUDA_ARCH_LIST__=800 -E -x c++ -D__CUDACC__ -D__NVCC__  "-I/public/software/cuda-11.5/bin/../targets/x86_64-linux/include"    -D__CUDACC_VER_MAJOR__=11 -D__CUDACC_VER_MINOR__=5 -D__CUDACC_VER_BUILD__=119 -D__CUDA_API_VER_MAJOR__=11 -D__CUDA_API_VER_MINOR__=5 -D__NVCC_DIAG_PRAGMA_SUPPORT__=1 -include "cuda_runtime.h" -m64 "CMakeCUDACompilerId.cu" -o "tmp/CMakeCUDACompilerId.cpp4.ii" 
#$ cudafe++ --c++14 --gnu_version=90400 --display_error_number --orig_src_file_name "CMakeCUDACompilerId.cu" --orig_src_path_name "/data0/home/wjl/matrixSolver/solver/src_cpp_learning/build/CMakeFiles/3.20.6/CompilerIdCUDA/CMakeCUDACompilerId.cu" --allow_managed  --m64 --parse_templates --gen_c_file_name "tmp/CMakeCUDACompilerId.cudafe1.cpp" --stub_file_name "CMakeCUDACompilerId.cudafe1.stub.c" --module_id_file_name "tmp/CMakeCUDACompilerId.module_id" "tmp/CMakeCUDACompilerId.cpp4.ii" 
#$ gcc -D__CUDA_ARCH__=800 -D__CUDA_ARCH_LIST__=800 -c -x c++  -DCUDA_DOUBLE_MATH_FUNCTIONS "-I/public/software/cuda-11.5/bin/../targets/x86_64-linux/include"   -m64 "tmp/CMakeCUDACompilerId.cudafe1.cpp" -o "tmp/CMakeCUDACompilerId.o" 
#$ nvlink -m64 --arch=sm_80 --register-link-binaries="tmp/a_dlink.reg.c"    "-L/public/software/cuda-11.5/bin/../targets/x86_64-linux/lib/stubs" "-L/public/software/cuda-11.5/bin/../targets/x86_64-linux/lib" -cpu-arch=X86_64 "tmp/CMakeCUDACompilerId.o"  -lcudadevrt  -o "tmp/a_dlink.cubin"
#$ fatbinary --create="tmp/a_dlink.fatbin" -64 --cicc-cmdline="-ftz=0 -prec_div=1 -prec_sqrt=1 -fmad=1 " -link "--image3=kind=elf,sm=80,file=tmp/a_dlink.cubin" --embedded-fatbin="tmp/a_dlink.fatbin.c" 
#$ gcc -D__CUDA_ARCH_LIST__=800 -c -x c++ -DFATBINFILE="\"tmp/a_dlink.fatbin.c\"" -DREGISTERLINKBINARYFILE="\"tmp/a_dlink.reg.c\"" -I. -D__NV_EXTRA_INITIALIZATION= -D__NV_EXTRA_FINALIZATION= -D__CUDA_INCLUDE_COMPILER_INTERNAL_HEADERS__  "-I/public/software/cuda-11.5/bin/../targets/x86_64-linux/include"    -D__CUDACC_VER_MAJOR__=11 -D__CUDACC_VER_MINOR__=5 -D__CUDACC_VER_BUILD__=119 -D__CUDA_API_VER_MAJOR__=11 -D__CUDA_API_VER_MINOR__=5 -D__NVCC_DIAG_PRAGMA_SUPPORT__=1 -m64 "/public/software/cuda-11.5/bin/crt/link.stub" -o "tmp/a_dlink.o" 
#$ g++ -D__CUDA_ARCH_LIST__=800 -m64 -Wl,--start-group "tmp/a_dlink.o" "tmp/CMakeCUDACompilerId.o"   "-L/public/software/cuda-11.5/bin/../targets/x86_64-linux/lib/stubs" "-L/public/software/cuda-11.5/bin/../targets/x86_64-linux/lib"  -lcudadevrt  -lcudart_static  -lrt -lpthread  -ldl  -Wl,--end-group -o "a.out" 


Compilation of the CUDA compiler identification source "CMakeCUDACompilerId.cu" produced "a.out"

The CUDA compiler identification is NVIDIA, found in "/data0/home/wjl/matrixSolver/solver/src_cpp_learning/build/CMakeFiles/3.20.6/CompilerIdCUDA/a.out"

Parsed CUDA nvcc implicit link information from above output:
  found 'PATH=' string: [/public/software/cuda-11.5/bin/../nvvm/bin:/public/software/cuda-11.5/bin:/data0/home/wjl/.conda/envs/python3.9/bin:/public/software/anaconda3/condabin:/public/software/gmt-6.0.0/bin:/public/software/sqlite3/bin:/public/software/mpich-4.0a2/bin:/public/software/anaconda3/bin:/public/software/cuda-11.5/bin:/public/software/Matlab2021/bin:/public/software/netcdf-c-4.8.0/bin:/public/software/openmpi-4.1.1-cuda.10/bin:/data0/home/wjl/software/cmake-3.20/bin:/data0/home/wjl/software/gcc-9.4/usr/local/bin:/usr/lib64/qt-3.3/bin:/usr/local/bin:/usr/bin:/usr/local/sbin:/usr/sbin:/public/software/sac/bin:/data0/home/wjl/.local/bin:/data0/home/wjl/bin]
  found 'LIBRARIES=' string: ["-L/public/software/cuda-11.5/bin/../targets/x86_64-linux/lib/stubs" "-L/public/software/cuda-11.5/bin/../targets/x86_64-linux/lib"]
  considering line: [#$ rm tmp/a_dlink.reg.c]
  considering line: [gcc -D__CUDA_ARCH__=800 -D__CUDA_ARCH_LIST__=800 -E -x c++  -DCUDA_DOUBLE_MATH_FUNCTIONS -D__CUDACC__ -D__NVCC__  "-I/public/software/cuda-11.5/bin/../targets/x86_64-linux/include"    -D__CUDACC_VER_MAJOR__=11 -D__CUDACC_VER_MINOR__=5 -D__CUDACC_VER_BUILD__=119 -D__CUDA_API_VER_MAJOR__=11 -D__CUDA_API_VER_MINOR__=5 -D__NVCC_DIAG_PRAGMA_SUPPORT__=1 -include "cuda_runtime.h" -m64 "CMakeCUDACompilerId.cu" -o "tmp/CMakeCUDACompilerId.cpp1.ii" ]
  considering line: [cicc --c++14 --gnu_version=90400 --display_error_number --orig_src_file_name "CMakeCUDACompilerId.cu" --orig_src_path_name "/data0/home/wjl/matrixSolver/solver/src_cpp_learning/build/CMakeFiles/3.20.6/CompilerIdCUDA/CMakeCUDACompilerId.cu" --allow_managed   -arch compute_80 -m64 --no-version-ident -ftz=0 -prec_div=1 -prec_sqrt=1 -fmad=1 --include_file_name "CMakeCUDACompilerId.fatbin.c" -tused --gen_module_id_file --module_id_file_name "tmp/CMakeCUDACompilerId.module_id" --gen_c_file_name "tmp/CMakeCUDACompilerId.cudafe1.c" --stub_file_name "tmp/CMakeCUDACompilerId.cudafe1.stub.c" --gen_device_file_name "tmp/CMakeCUDACompilerId.cudafe1.gpu"  "tmp/CMakeCUDACompilerId.cpp1.ii" -o "tmp/CMakeCUDACompilerId.ptx"]
  considering line: [ptxas -arch=sm_80 -m64  "tmp/CMakeCUDACompilerId.ptx"  -o "tmp/CMakeCUDACompilerId.cubin" ]
  considering line: [fatbinary --create="tmp/CMakeCUDACompilerId.fatbin" -64 --cicc-cmdline="-ftz=0 -prec_div=1 -prec_sqrt=1 -fmad=1 " "--image3=kind=elf,sm=80,file=tmp/CMakeCUDACompilerId.cubin" --embedded-fatbin="tmp/CMakeCUDACompilerId.fatbin.c" ]
  considering line: [gcc -D__CUDA_ARCH_LIST__=800 -E -x c++ -D__CUDACC__ -D__NVCC__  "-I/public/software/cuda-11.5/bin/../targets/x86_64-linux/include"    -D__CUDACC_VER_MAJOR__=11 -D__CUDACC_VER_MINOR__=5 -D__CUDACC_VER_BUILD__=119 -D__CUDA_API_VER_MAJOR__=11 -D__CUDA_API_VER_MINOR__=5 -D__NVCC_DIAG_PRAGMA_SUPPORT__=1 -include "cuda_runtime.h" -m64 "CMakeCUDACompilerId.cu" -o "tmp/CMakeCUDACompilerId.cpp4.ii" ]
  considering line: [cudafe++ --c++14 --gnu_version=90400 --display_error_number --orig_src_file_name "CMakeCUDACompilerId.cu" --orig_src_path_name "/data0/home/wjl/matrixSolver/solver/src_cpp_learning/build/CMakeFiles/3.20.6/CompilerIdCUDA/CMakeCUDACompilerId.cu" --allow_managed  --m64 --parse_templates --gen_c_file_name "tmp/CMakeCUDACompilerId.cudafe1.cpp" --stub_file_name "CMakeCUDACompilerId.cudafe1.stub.c" --module_id_file_name "tmp/CMakeCUDACompilerId.module_id" "tmp/CMakeCUDACompilerId.cpp4.ii" ]
  considering line: [gcc -D__CUDA_ARCH__=800 -D__CUDA_ARCH_LIST__=800 -c -x c++  -DCUDA_DOUBLE_MATH_FUNCTIONS "-I/public/software/cuda-11.5/bin/../targets/x86_64-linux/include"   -m64 "tmp/CMakeCUDACompilerId.cudafe1.cpp" -o "tmp/CMakeCUDACompilerId.o" ]
  considering line: [nvlink -m64 --arch=sm_80 --register-link-binaries="tmp/a_dlink.reg.c"    "-L/public/software/cuda-11.5/bin/../targets/x86_64-linux/lib/stubs" "-L/public/software/cuda-11.5/bin/../targets/x86_64-linux/lib" -cpu-arch=X86_64 "tmp/CMakeCUDACompilerId.o"  -lcudadevrt  -o "tmp/a_dlink.cubin"]
    ignoring nvlink line
  considering line: [fatbinary --create="tmp/a_dlink.fatbin" -64 --cicc-cmdline="-ftz=0 -prec_div=1 -prec_sqrt=1 -fmad=1 " -link "--image3=kind=elf,sm=80,file=tmp/a_dlink.cubin" --embedded-fatbin="tmp/a_dlink.fatbin.c" ]
  considering line: [gcc -D__CUDA_ARCH_LIST__=800 -c -x c++ -DFATBINFILE="\"tmp/a_dlink.fatbin.c\"" -DREGISTERLINKBINARYFILE="\"tmp/a_dlink.reg.c\"" -I. -D__NV_EXTRA_INITIALIZATION= -D__NV_EXTRA_FINALIZATION= -D__CUDA_INCLUDE_COMPILER_INTERNAL_HEADERS__  "-I/public/software/cuda-11.5/bin/../targets/x86_64-linux/include"    -D__CUDACC_VER_MAJOR__=11 -D__CUDACC_VER_MINOR__=5 -D__CUDACC_VER_BUILD__=119 -D__CUDA_API_VER_MAJOR__=11 -D__CUDA_API_VER_MINOR__=5 -D__NVCC_DIAG_PRAGMA_SUPPORT__=1 -m64 "/public/software/cuda-11.5/bin/crt/link.stub" -o "tmp/a_dlink.o" ]
  considering line: [g++ -D__CUDA_ARCH_LIST__=800 -m64 -Wl,--start-group "tmp/a_dlink.o" "tmp/CMakeCUDACompilerId.o"   "-L/public/software/cuda-11.5/bin/../targets/x86_64-linux/lib/stubs" "-L/public/software/cuda-11.5/bin/../targets/x86_64-linux/lib"  -lcudadevrt  -lcudart_static  -lrt -lpthread  -ldl  -Wl,--end-group -o "a.out" ]
    extracted link line: [g++ -D__CUDA_ARCH_LIST__=800 -m64 -Wl,--start-group "tmp/a_dlink.o" "tmp/CMakeCUDACompilerId.o"   "-L/public/software/cuda-11.5/bin/../targets/x86_64-linux/lib/stubs" "-L/public/software/cuda-11.5/bin/../targets/x86_64-linux/lib"  -lcudadevrt  -lcudart_static  -lrt -lpthread  -ldl  -Wl,--end-group -o "a.out" ]
  considering line: []
  extracted link launcher name: [g++]
  found link launcher absolute path: [/data0/home/wjl/software/gcc-9.4/usr/local/bin/g++]

  link line regex: [^( *|.*[/\])(ld|CMAKE_LINK_STARTFILE-NOTFOUND|([^/\]+-)?ld|collect2)[^/\]*( |$)]
  link line: [cuda-fake-ld g++ -D__CUDA_ARCH_LIST__=800 -m64 -Wl,--start-group "tmp/a_dlink.o" "tmp/CMakeCUDACompilerId.o"   "-L/public/software/cuda-11.5/bin/../targets/x86_64-linux/lib/stubs" "-L/public/software/cuda-11.5/bin/../targets/x86_64-linux/lib"  -lcudadevrt  -lcudart_static  -lrt -lpthread  -ldl  -Wl,--end-group -o "a.out" ]
    arg [cuda-fake-ld] ==> ignore
    arg [g++] ==> ignore
    arg [-D__CUDA_ARCH_LIST__=800] ==> ignore
    arg [-m64] ==> ignore
    arg [-Wl,--start-group] ==> ignore
    arg [tmp/a_dlink.o] ==> ignore
    arg [tmp/CMakeCUDACompilerId.o] ==> ignore
    arg [-L/public/software/cuda-11.5/bin/../targets/x86_64-linux/lib/stubs] ==> dir [/public/software/cuda-11.5/bin/../targets/x86_64-linux/lib/stubs]
    arg [-L/public/software/cuda-11.5/bin/../targets/x86_64-linux/lib] ==> dir [/public/software/cuda-11.5/bin/../targets/x86_64-linux/lib]
    arg [-lcudadevrt] ==> lib [cudadevrt]
    arg [-lcudart_static] ==> lib [cudart_static]
    arg [-lrt] ==> lib [rt]
    arg [-lpthread] ==> lib [pthread]
    arg [-ldl] ==> lib [dl]
    arg [-Wl,--end-group] ==> ignore
    arg [-o] ==> ignore
    arg [a.out] ==> ignore
  collapse library dir [/public/software/cuda-11.5/bin/../targets/x86_64-linux/lib/stubs] ==> [/public/software/cuda-11.5/targets/x86_64-linux/lib/stubs]
  collapse library dir [/public/software/cuda-11.5/bin/../targets/x86_64-linux/lib] ==> [/public/software/cuda-11.5/targets/x86_64-linux/lib]
  implicit libs: [cudadevrt;cudart_static;rt;pthread;dl]
  implicit objs: []
  implicit dirs: [/public/software/cuda-11.5/targets/x86_64-linux/lib/stubs;/public/software/cuda-11.5/targets/x86_64-linux/lib]
  implicit fwks: []


Parsed CUDA nvcc include information from above output:
  found 'PATH=' string: [/public/software/cuda-11.5/bin/../nvvm/bin:/public/software/cuda-11.5/bin:/data0/home/wjl/.conda/envs/python3.9/bin:/public/software/anaconda3/condabin:/public/software/gmt-6.0.0/bin:/public/software/sqlite3/bin:/public/software/mpich-4.0a2/bin:/public/software/anaconda3/bin:/public/software/cuda-11.5/bin:/public/software/Matlab2021/bin:/public/software/netcdf-c-4.8.0/bin:/public/software/openmpi-4.1.1-cuda.10/bin:/data0/home/wjl/software/cmake-3.20/bin:/data0/home/wjl/software/gcc-9.4/usr/local/bin:/usr/lib64/qt-3.3/bin:/usr/local/bin:/usr/bin:/usr/local/sbin:/usr/sbin:/public/software/sac/bin:/data0/home/wjl/.local/bin:/data0/home/wjl/bin]
  found 'LIBRARIES=' string: ["-L/public/software/cuda-11.5/bin/../targets/x86_64-linux/lib/stubs" "-L/public/software/cuda-11.5/bin/../targets/x86_64-linux/lib"]
  considering line: [#$ rm tmp/a_dlink.reg.c]
  considering line: [gcc -D__CUDA_ARCH__=800 -D__CUDA_ARCH_LIST__=800 -E -x c++  -DCUDA_DOUBLE_MATH_FUNCTIONS -D__CUDACC__ -D__NVCC__  "-I/public/software/cuda-11.5/bin/../targets/x86_64-linux/include"    -D__CUDACC_VER_MAJOR__=11 -D__CUDACC_VER_MINOR__=5 -D__CUDACC_VER_BUILD__=119 -D__CUDA_API_VER_MAJOR__=11 -D__CUDA_API_VER_MINOR__=5 -D__NVCC_DIAG_PRAGMA_SUPPORT__=1 -include "cuda_runtime.h" -m64 "CMakeCUDACompilerId.cu" -o "tmp/CMakeCUDACompilerId.cpp1.ii" ]
  considering line: [cicc --c++14 --gnu_version=90400 --display_error_number --orig_src_file_name "CMakeCUDACompilerId.cu" --orig_src_path_name "/data0/home/wjl/matrixSolver/solver/src_cpp_learning/build/CMakeFiles/3.20.6/CompilerIdCUDA/CMakeCUDACompilerId.cu" --allow_managed   -arch compute_80 -m64 --no-version-ident -ftz=0 -prec_div=1 -prec_sqrt=1 -fmad=1 --include_file_name "CMakeCUDACompilerId.fatbin.c" -tused --gen_module_id_file --module_id_file_name "tmp/CMakeCUDACompilerId.module_id" --gen_c_file_name "tmp/CMakeCUDACompilerId.cudafe1.c" --stub_file_name "tmp/CMakeCUDACompilerId.cudafe1.stub.c" --gen_device_file_name "tmp/CMakeCUDACompilerId.cudafe1.gpu"  "tmp/CMakeCUDACompilerId.cpp1.ii" -o "tmp/CMakeCUDACompilerId.ptx"]
  considering line: [ptxas -arch=sm_80 -m64  "tmp/CMakeCUDACompilerId.ptx"  -o "tmp/CMakeCUDACompilerId.cubin" ]
  considering line: [fatbinary --create="tmp/CMakeCUDACompilerId.fatbin" -64 --cicc-cmdline="-ftz=0 -prec_div=1 -prec_sqrt=1 -fmad=1 " "--image3=kind=elf,sm=80,file=tmp/CMakeCUDACompilerId.cubin" --embedded-fatbin="tmp/CMakeCUDACompilerId.fatbin.c" ]
  considering line: [gcc -D__CUDA_ARCH_LIST__=800 -E -x c++ -D__CUDACC__ -D__NVCC__  "-I/public/software/cuda-11.5/bin/../targets/x86_64-linux/include"    -D__CUDACC_VER_MAJOR__=11 -D__CUDACC_VER_MINOR__=5 -D__CUDACC_VER_BUILD__=119 -D__CUDA_API_VER_MAJOR__=11 -D__CUDA_API_VER_MINOR__=5 -D__NVCC_DIAG_PRAGMA_SUPPORT__=1 -include "cuda_runtime.h" -m64 "CMakeCUDACompilerId.cu" -o "tmp/CMakeCUDACompilerId.cpp4.ii" ]
  considering line: [cudafe++ --c++14 --gnu_version=90400 --display_error_number --orig_src_file_name "CMakeCUDACompilerId.cu" --orig_src_path_name "/data0/home/wjl/matrixSolver/solver/src_cpp_learning/build/CMakeFiles/3.20.6/CompilerIdCUDA/CMakeCUDACompilerId.cu" --allow_managed  --m64 --parse_templates --gen_c_file_name "tmp/CMakeCUDACompilerId.cudafe1.cpp" --stub_file_name "CMakeCUDACompilerId.cudafe1.stub.c" --module_id_file_name "tmp/CMakeCUDACompilerId.module_id" "tmp/CMakeCUDACompilerId.cpp4.ii" ]
  considering line: [gcc -D__CUDA_ARCH__=800 -D__CUDA_ARCH_LIST__=800 -c -x c++  -DCUDA_DOUBLE_MATH_FUNCTIONS "-I/public/software/cuda-11.5/bin/../targets/x86_64-linux/include"   -m64 "tmp/CMakeCUDACompilerId.cudafe1.cpp" -o "tmp/CMakeCUDACompilerId.o" ]
  considering line: [nvlink -m64 --arch=sm_80 --register-link-binaries="tmp/a_dlink.reg.c"    "-L/public/software/cuda-11.5/bin/../targets/x86_64-linux/lib/stubs" "-L/public/software/cuda-11.5/bin/../targets/x86_64-linux/lib" -cpu-arch=X86_64 "tmp/CMakeCUDACompilerId.o"  -lcudadevrt  -o "tmp/a_dlink.cubin"]
    ignoring nvlink line
  considering line: [fatbinary --create="tmp/a_dlink.fatbin" -64 --cicc-cmdline="-ftz=0 -prec_div=1 -prec_sqrt=1 -fmad=1 " -link "--image3=kind=elf,sm=80,file=tmp/a_dlink.cubin" --embedded-fatbin="tmp/a_dlink.fatbin.c" ]
  considering line: [gcc -D__CUDA_ARCH_LIST__=800 -c -x c++ -DFATBINFILE="\"tmp/a_dlink.fatbin.c\"" -DREGISTERLINKBINARYFILE="\"tmp/a_dlink.reg.c\"" -I. -D__NV_EXTRA_INITIALIZATION= -D__NV_EXTRA_FINALIZATION= -D__CUDA_INCLUDE_COMPILER_INTERNAL_HEADERS__  "-I/public/software/cuda-11.5/bin/../targets/x86_64-linux/include"    -D__CUDACC_VER_MAJOR__=11 -D__CUDACC_VER_MINOR__=5 -D__CUDACC_VER_BUILD__=119 -D__CUDA_API_VER_MAJOR__=11 -D__CUDA_API_VER_MINOR__=5 -D__NVCC_DIAG_PRAGMA_SUPPORT__=1 -m64 "/public/software/cuda-11.5/bin/crt/link.stub" -o "tmp/a_dlink.o" ]
  considering line: [g++ -D__CUDA_ARCH_LIST__=800 -m64 -Wl,--start-group "tmp/a_dlink.o" "tmp/CMakeCUDACompilerId.o"   "-L/public/software/cuda-11.5/bin/../targets/x86_64-linux/lib/stubs" "-L/public/software/cuda-11.5/bin/../targets/x86_64-linux/lib"  -lcudadevrt  -lcudart_static  -lrt -lpthread  -ldl  -Wl,--end-group -o "a.out" ]
    extracted link line: [g++ -D__CUDA_ARCH_LIST__=800 -m64 -Wl,--start-group "tmp/a_dlink.o" "tmp/CMakeCUDACompilerId.o"   "-L/public/software/cuda-11.5/bin/../targets/x86_64-linux/lib/stubs" "-L/public/software/cuda-11.5/bin/../targets/x86_64-linux/lib"  -lcudadevrt  -lcudart_static  -lrt -lpthread  -ldl  -Wl,--end-group -o "a.out" ]
  considering line: []
  extracted link launcher name: [g++]
  found link launcher absolute path: [/data0/home/wjl/software/gcc-9.4/usr/local/bin/g++]
  found 'INCLUDES=' string: ["-I/public/software/cuda-11.5/bin/../targets/x86_64-linux/include"  ]

  link line regex: [^( *|.*[/\])(ld|CMAKE_LINK_STARTFILE-NOTFOUND|([^/\]+-)?ld|collect2)[^/\]*( |$)]
  link line: [cuda-fake-ld g++ -D__CUDA_ARCH_LIST__=800 -m64 -Wl,--start-group "tmp/a_dlink.o" "tmp/CMakeCUDACompilerId.o"   "-L/public/software/cuda-11.5/bin/../targets/x86_64-linux/lib/stubs" "-L/public/software/cuda-11.5/bin/../targets/x86_64-linux/lib"  -lcudadevrt  -lcudart_static  -lrt -lpthread  -ldl  -Wl,--end-group -o "a.out" ]
    arg [cuda-fake-ld] ==> ignore
    arg [g++] ==> ignore
    arg [-D__CUDA_ARCH_LIST__=800] ==> ignore
    arg [-m64] ==> ignore
    arg [-Wl,--start-group] ==> ignore
    arg [tmp/a_dlink.o] ==> ignore
    arg [tmp/CMakeCUDACompilerId.o] ==> ignore
    arg [-L/public/software/cuda-11.5/bin/../targets/x86_64-linux/lib/stubs] ==> dir [/public/software/cuda-11.5/bin/../targets/x86_64-linux/lib/stubs]
    arg [-L/public/software/cuda-11.5/bin/../targets/x86_64-linux/lib] ==> dir [/public/software/cuda-11.5/bin/../targets/x86_64-linux/lib]
    arg [-lcudadevrt] ==> lib [cudadevrt]
    arg [-lcudart_static] ==> lib [cudart_static]
    arg [-lrt] ==> lib [rt]
    arg [-lpthread] ==> lib [pthread]
    arg [-ldl] ==> lib [dl]
    arg [-Wl,--end-group] ==> ignore
    arg [-o] ==> ignore
    arg [a.out] ==> ignore
  collapse library dir [/public/software/cuda-11.5/bin/../targets/x86_64-linux/lib/stubs] ==> [/public/software/cuda-11.5/targets/x86_64-linux/lib/stubs]
  collapse library dir [/public/software/cuda-11.5/bin/../targets/x86_64-linux/lib] ==> [/public/software/cuda-11.5/targets/x86_64-linux/lib]
  implicit libs: [cudadevrt;cudart_static;rt;pthread;dl]
  implicit objs: []
  implicit dirs: [/public/software/cuda-11.5/targets/x86_64-linux/lib/stubs;/public/software/cuda-11.5/targets/x86_64-linux/lib]
  implicit fwks: []


Detecting CXX compiler ABI info compiled with the following output:
Change Dir: /data0/home/wjl/matrixSolver/solver/src_cpp_learning/build/CMakeFiles/CMakeTmp

Run Build Command(s):/usr/bin/gmake -f Makefile cmTC_63b8d/fast && /usr/bin/gmake  -f CMakeFiles/cmTC_63b8d.dir/build.make CMakeFiles/cmTC_63b8d.dir/build
gmake[1]: Entering directory `/data0/home/wjl/matrixSolver/solver/src_cpp_learning/build/CMakeFiles/CMakeTmp'
Building CXX object CMakeFiles/cmTC_63b8d.dir/CMakeCXXCompilerABI.cpp.o
/data0/home/wjl/software/gcc-9.4/usr/local/bin/c++   -v -std=gnu++17 -o CMakeFiles/cmTC_63b8d.dir/CMakeCXXCompilerABI.cpp.o -c /data0/home/wjl/software/cmake-3.20/share/cmake-3.20/Modules/CMakeCXXCompilerABI.cpp
Using built-in specs.
COLLECT_GCC=/data0/home/wjl/software/gcc-9.4/usr/local/bin/c++
Target: x86_64-pc-linux-gnu
Configured with: ../configure -enable-checking=release -enable-languages=c,c++,fortran -disable-multilib
Thread model: posix
gcc version 9.4.0 (GCC) 
COLLECT_GCC_OPTIONS='-v' '-std=gnu++17' '-o' 'CMakeFiles/cmTC_63b8d.dir/CMakeCXXCompilerABI.cpp.o' '-c' '-shared-libgcc' '-mtune=generic' '-march=x86-64'
 /data0/home/wjl/software/gcc-9.4/usr/local/bin/../libexec/gcc/x86_64-pc-linux-gnu/9.4.0/cc1plus -quiet -v -iprefix /data0/home/wjl/software/gcc-9.4/usr/local/bin/../lib/gcc/x86_64-pc-linux-gnu/9.4.0/ -D_GNU_SOURCE /data0/home/wjl/software/cmake-3.20/share/cmake-3.20/Modules/CMakeCXXCompilerABI.cpp -quiet -dumpbase CMakeCXXCompilerABI.cpp -mtune=generic -march=x86-64 -auxbase-strip CMakeFiles/cmTC_63b8d.dir/CMakeCXXCompilerABI.cpp.o -std=gnu++17 -version -o /tmp/cckhCpTd.s
GNU C++17 (GCC) version 9.4.0 (x86_64-pc-linux-gnu)
	compiled by GNU C version 9.4.0, GMP version 6.1.0, MPFR version 3.1.4, MPC version 1.0.3, isl version isl-0.18-GMP

GGC heuristics: --param ggc-min-expand=100 --param ggc-min-heapsize=131072
ignoring nonexistent directory "/data0/home/wjl/software/gcc-9.4/usr/local/bin/../lib/gcc/x86_64-pc-linux-gnu/9.4.0/../../../../x86_64-pc-linux-gnu/include"
ignoring duplicate directory "/data0/home/wjl/software/gcc-9.4/usr/local/bin/../lib/gcc/../../lib/gcc/x86_64-pc-linux-gnu/9.4.0/../../../../include/c++/9.4.0"
ignoring duplicate directory "/data0/home/wjl/software/gcc-9.4/usr/local/bin/../lib/gcc/../../lib/gcc/x86_64-pc-linux-gnu/9.4.0/../../../../include/c++/9.4.0/x86_64-pc-linux-gnu"
ignoring duplicate directory "/data0/home/wjl/software/gcc-9.4/usr/local/bin/../lib/gcc/../../lib/gcc/x86_64-pc-linux-gnu/9.4.0/../../../../include/c++/9.4.0/backward"
ignoring duplicate directory "/data0/home/wjl/software/gcc-9.4/usr/local/bin/../lib/gcc/../../lib/gcc/x86_64-pc-linux-gnu/9.4.0/include"
ignoring duplicate directory "/data0/home/wjl/software/gcc-9.4/usr/local/bin/../lib/gcc/../../lib/gcc/x86_64-pc-linux-gnu/9.4.0/include-fixed"
ignoring nonexistent directory "/data0/home/wjl/software/gcc-9.4/usr/local/bin/../lib/gcc/../../lib/gcc/x86_64-pc-linux-gnu/9.4.0/../../../../x86_64-pc-linux-gnu/include"
#include "..." search starts here:
#include <...> search starts here:
 /data0/home/wjl/software/gcc-9.4/usr/local/include
 .
 /data0/home/wjl/software/gcc-9.4/usr/local/bin/../lib/gcc/x86_64-pc-linux-gnu/9.4.0/../../../../include/c++/9.4.0
 /data0/home/wjl/software/gcc-9.4/usr/local/bin/../lib/gcc/x86_64-pc-linux-gnu/9.4.0/../../../../include/c++/9.4.0/x86_64-pc-linux-gnu
 /data0/home/wjl/software/gcc-9.4/usr/local/bin/../lib/gcc/x86_64-pc-linux-gnu/9.4.0/../../../../include/c++/9.4.0/backward
 /data0/home/wjl/software/gcc-9.4/usr/local/bin/../lib/gcc/x86_64-pc-linux-gnu/9.4.0/include
 /data0/home/wjl/software/gcc-9.4/usr/local/bin/../lib/gcc/x86_64-pc-linux-gnu/9.4.0/include-fixed
 /usr/local/include
 /usr/include
End of search list.
GNU C++17 (GCC) version 9.4.0 (x86_64-pc-linux-gnu)
	compiled by GNU C version 9.4.0, GMP version 6.1.0, MPFR version 3.1.4, MPC version 1.0.3, isl version isl-0.18-GMP

GGC heuristics: --param ggc-min-expand=100 --param ggc-min-heapsize=131072
Compiler executable checksum: 1e694816a469bd14530d05eda68582c4
COLLECT_GCC_OPTIONS='-v' '-std=gnu++17' '-o' 'CMakeFiles/cmTC_63b8d.dir/CMakeCXXCompilerABI.cpp.o' '-c' '-shared-libgcc' '-mtune=generic' '-march=x86-64'
 as -v --64 -o CMakeFiles/cmTC_63b8d.dir/CMakeCXXCompilerABI.cpp.o /tmp/cckhCpTd.s
GNU assembler version 2.27 (x86_64-redhat-linux) using BFD version version 2.27-44.base.el7
COMPILER_PATH=/data0/home/wjl/software/gcc-9.4/usr/local/bin/../libexec/gcc/x86_64-pc-linux-gnu/9.4.0/:/data0/home/wjl/software/gcc-9.4/usr/local/bin/../libexec/gcc/
LIBRARY_PATH=/data0/home/wjl/software/gcc-9.4/usr/local/bin/../lib/gcc/x86_64-pc-linux-gnu/9.4.0/:/data0/home/wjl/software/gcc-9.4/usr/local/bin/../lib/gcc/:/data0/home/wjl/software/gcc-9.4/usr/local/lib/../lib64/:/data0/home/wjl/software/gcc-9.4/usr/local/bin/../lib/gcc/x86_64-pc-linux-gnu/9.4.0/../../../../lib64/:/lib/../lib64/:/usr/lib/../lib64/:/data0/home/wjl/software/gcc-9.4/usr/local/lib/:./:/data0/home/wjl/software/gcc-9.4/usr/local/bin/../lib/gcc/x86_64-pc-linux-gnu/9.4.0/../../../:/lib/:/usr/lib/
COLLECT_GCC_OPTIONS='-v' '-std=gnu++17' '-o' 'CMakeFiles/cmTC_63b8d.dir/CMakeCXXCompilerABI.cpp.o' '-c' '-shared-libgcc' '-mtune=generic' '-march=x86-64'
Linking CXX executable cmTC_63b8d
/data0/home/wjl/software/cmake-3.20/bin/cmake -E cmake_link_script CMakeFiles/cmTC_63b8d.dir/link.txt --verbose=1
/data0/home/wjl/software/gcc-9.4/usr/local/bin/c++  -v CMakeFiles/cmTC_63b8d.dir/CMakeCXXCompilerABI.cpp.o -o cmTC_63b8d 
Using built-in specs.
COLLECT_GCC=/data0/home/wjl/software/gcc-9.4/usr/local/bin/c++
COLLECT_LTO_WRAPPER=/data0/home/wjl/software/gcc-9.4/usr/local/bin/../libexec/gcc/x86_64-pc-linux-gnu/9.4.0/lto-wrapper
Target: x86_64-pc-linux-gnu
Configured with: ../configure -enable-checking=release -enable-languages=c,c++,fortran -disable-multilib
Thread model: posix
gcc version 9.4.0 (GCC) 
COMPILER_PATH=/data0/home/wjl/software/gcc-9.4/usr/local/bin/../libexec/gcc/x86_64-pc-linux-gnu/9.4.0/:/data0/home/wjl/software/gcc-9.4/usr/local/bin/../libexec/gcc/
LIBRARY_PATH=/data0/home/wjl/software/gcc-9.4/usr/local/bin/../lib/gcc/x86_64-pc-linux-gnu/9.4.0/:/data0/home/wjl/software/gcc-9.4/usr/local/bin/../lib/gcc/:/data0/home/wjl/software/gcc-9.4/usr/local/lib/../lib64/:/data0/home/wjl/software/gcc-9.4/usr/local/bin/../lib/gcc/x86_64-pc-linux-gnu/9.4.0/../../../../lib64/:/lib/../lib64/:/usr/lib/../lib64/:/data0/home/wjl/software/gcc-9.4/usr/local/lib/:./:/data0/home/wjl/software/gcc-9.4/usr/local/bin/../lib/gcc/x86_64-pc-linux-gnu/9.4.0/../../../:/lib/:/usr/lib/
COLLECT_GCC_OPTIONS='-v' '-o' 'cmTC_63b8d' '-shared-libgcc' '-mtune=generic' '-march=x86-64'
 /data0/home/wjl/software/gcc-9.4/usr/local/bin/../libexec/gcc/x86_64-pc-linux-gnu/9.4.0/collect2 -plugin /data0/home/wjl/software/gcc-9.4/usr/local/bin/../libexec/gcc/x86_64-pc-linux-gnu/9.4.0/liblto_plugin.so -plugin-opt=/data0/home/wjl/software/gcc-9.4/usr/local/bin/../libexec/gcc/x86_64-pc-linux-gnu/9.4.0/lto-wrapper -plugin-opt=-fresolution=/tmp/ccy3Xaof.res -plugin-opt=-pass-through=-lgcc_s -plugin-opt=-pass-through=-lgcc -plugin-opt=-pass-through=-lc -plugin-opt=-pass-through=-lgcc_s -plugin-opt=-pass-through=-lgcc --eh-frame-hdr -m elf_x86_64 -dynamic-linker /lib64/ld-linux-x86-64.so.2 -o cmTC_63b8d /lib/../lib64/crt1.o /lib/../lib64/crti.o /data0/home/wjl/software/gcc-9.4/usr/local/bin/../lib/gcc/x86_64-pc-linux-gnu/9.4.0/crtbegin.o -L/data0/home/wjl/software/gcc-9.4/usr/local/bin/../lib/gcc/x86_64-pc-linux-gnu/9.4.0 -L/data0/home/wjl/software/gcc-9.4/usr/local/bin/../lib/gcc -L/data0/home/wjl/software/gcc-9.4/usr/local/lib/../lib64 -L/data0/home/wjl/software/gcc-9.4/usr/local/bin/../lib/gcc/x86_64-pc-linux-gnu/9.4.0/../../../../lib64 -L/lib/../lib64 -L/usr/lib/../lib64 -L/data0/home/wjl/software/gcc-9.4/usr/local/lib -L. -L/data0/home/wjl/software/gcc-9.4/usr/local/bin/../lib/gcc/x86_64-pc-linux-gnu/9.4.0/../../.. CMakeFiles/cmTC_63b8d.dir/CMakeCXXCompilerABI.cpp.o -lstdc++ -lm -lgcc_s -lgcc -lc -lgcc_s -lgcc /data0/home/wjl/software/gcc-9.4/usr/local/bin/../lib/gcc/x86_64-pc-linux-gnu/9.4.0/crtend.o /lib/../lib64/crtn.o
COLLECT_GCC_OPTIONS='-v' '-o' 'cmTC_63b8d' '-shared-libgcc' '-mtune=generic' '-march=x86-64'
gmake[1]: Leaving directory `/data0/home/wjl/matrixSolver/solver/src_cpp_learning/build/CMakeFiles/CMakeTmp'



Parsed CXX implicit include dir info from above output: rv=done
  found start of include info
  found start of implicit include info
    add: [/data0/home/wjl/software/gcc-9.4/usr/local/include]
    add: [.]
    add: [/data0/home/wjl/software/gcc-9.4/usr/local/bin/../lib/gcc/x86_64-pc-linux-gnu/9.4.0/../../../../include/c++/9.4.0]
    add: [/data0/home/wjl/software/gcc-9.4/usr/local/bin/../lib/gcc/x86_64-pc-linux-gnu/9.4.0/../../../../include/c++/9.4.0/x86_64-pc-linux-gnu]
    add: [/data0/home/wjl/software/gcc-9.4/usr/local/bin/../lib/gcc/x86_64-pc-linux-gnu/9.4.0/../../../../include/c++/9.4.0/backward]
    add: [/data0/home/wjl/software/gcc-9.4/usr/local/bin/../lib/gcc/x86_64-pc-linux-gnu/9.4.0/include]
    add: [/data0/home/wjl/software/gcc-9.4/usr/local/bin/../lib/gcc/x86_64-pc-linux-gnu/9.4.0/include-fixed]
    add: [/usr/local/include]
    add: [/usr/include]
  end of search list found
  collapse include dir [/data0/home/wjl/software/gcc-9.4/usr/local/include] ==> [/data0/home/wjl/software/gcc-9.4/usr/local/include]
  skipping relative include dir [.]
  collapse include dir [/data0/home/wjl/software/gcc-9.4/usr/local/bin/../lib/gcc/x86_64-pc-linux-gnu/9.4.0/../../../../include/c++/9.4.0] ==> [/data0/home/wjl/software/gcc-9.4/usr/local/include/c++/9.4.0]
  collapse include dir [/data0/home/wjl/software/gcc-9.4/usr/local/bin/../lib/gcc/x86_64-pc-linux-gnu/9.4.0/../../../../include/c++/9.4.0/x86_64-pc-linux-gnu] ==> [/data0/home/wjl/software/gcc-9.4/usr/local/include/c++/9.4.0/x86_64-pc-linux-gnu]
  collapse include dir [/data0/home/wjl/software/gcc-9.4/usr/local/bin/../lib/gcc/x86_64-pc-linux-gnu/9.4.0/../../../../include/c++/9.4.0/backward] ==> [/data0/home/wjl/software/gcc-9.4/usr/local/include/c++/9.4.0/backward]
  collapse include dir [/data0/home/wjl/software/gcc-9.4/usr/local/bin/../lib/gcc/x86_64-pc-linux-gnu/9.4.0/include] ==> [/data0/home/wjl/software/gcc-9.4/usr/local/lib/gcc/x86_64-pc-linux-gnu/9.4.0/include]
  collapse include dir [/data0/home/wjl/software/gcc-9.4/usr/local/bin/../lib/gcc/x86_64-pc-linux-gnu/9.4.0/include-fixed] ==> [/data0/home/wjl/software/gcc-9.4/usr/local/lib/gcc/x86_64-pc-linux-gnu/9.4.0/include-fixed]
  collapse include dir [/usr/local/include] ==> [/usr/local/include]
  collapse include dir [/usr/include] ==> [/usr/include]
  implicit include dirs: [/data0/home/wjl/software/gcc-9.4/usr/local/include;/data0/home/wjl/software/gcc-9.4/usr/local/include/c++/9.4.0;/data0/home/wjl/software/gcc-9.4/usr/local/include/c++/9.4.0/x86_64-pc-linux-gnu;/data0/home/wjl/software/gcc-9.4/usr/local/include/c++/9.4.0/backward;/data0/home/wjl/software/gcc-9.4/usr/local/lib/gcc/x86_64-pc-linux-gnu/9.4.0/include;/data0/home/wjl/software/gcc-9.4/usr/local/lib/gcc/x86_64-pc-linux-gnu/9.4.0/include-fixed;/usr/local/include;/usr/include]


Parsed CXX implicit link information from above output:
  link line regex: [^( *|.*[/\])(ld|CMAKE_LINK_STARTFILE-NOTFOUND|([^/\]+-)?ld|collect2)[^/\]*( |$)]
  ignore line: [Change Dir: /data0/home/wjl/matrixSolver/solver/src_cpp_learning/build/CMakeFiles/CMakeTmp]
  ignore line: []
  ignore line: [Run Build Command(s):/usr/bin/gmake -f Makefile cmTC_63b8d/fast && /usr/bin/gmake  -f CMakeFiles/cmTC_63b8d.dir/build.make CMakeFiles/cmTC_63b8d.dir/build]
  ignore line: [gmake[1]: Entering directory `/data0/home/wjl/matrixSolver/solver/src_cpp_learning/build/CMakeFiles/CMakeTmp']
  ignore line: [Building CXX object CMakeFiles/cmTC_63b8d.dir/CMakeCXXCompilerABI.cpp.o]
  ignore line: [/data0/home/wjl/software/gcc-9.4/usr/local/bin/c++   -v -std=gnu++17 -o CMakeFiles/cmTC_63b8d.dir/CMakeCXXCompilerABI.cpp.o -c /data0/home/wjl/software/cmake-3.20/share/cmake-3.20/Modules/CMakeCXXCompilerABI.cpp]
  ignore line: [Using built-in specs.]
  ignore line: [COLLECT_GCC=/data0/home/wjl/software/gcc-9.4/usr/local/bin/c++]
  ignore line: [Target: x86_64-pc-linux-gnu]
  ignore line: [Configured with: ../configure -enable-checking=release -enable-languages=c c++ fortran -disable-multilib]
  ignore line: [Thread model: posix]
  ignore line: [gcc version 9.4.0 (GCC) ]
  ignore line: [COLLECT_GCC_OPTIONS='-v' '-std=gnu++17' '-o' 'CMakeFiles/cmTC_63b8d.dir/CMakeCXXCompilerABI.cpp.o' '-c' '-shared-libgcc' '-mtune=generic' '-march=x86-64']
  ignore line: [ /data0/home/wjl/software/gcc-9.4/usr/local/bin/../libexec/gcc/x86_64-pc-linux-gnu/9.4.0/cc1plus -quiet -v -iprefix /data0/home/wjl/software/gcc-9.4/usr/local/bin/../lib/gcc/x86_64-pc-linux-gnu/9.4.0/ -D_GNU_SOURCE /data0/home/wjl/software/cmake-3.20/share/cmake-3.20/Modules/CMakeCXXCompilerABI.cpp -quiet -dumpbase CMakeCXXCompilerABI.cpp -mtune=generic -march=x86-64 -auxbase-strip CMakeFiles/cmTC_63b8d.dir/CMakeCXXCompilerABI.cpp.o -std=gnu++17 -version -o /tmp/cckhCpTd.s]
  ignore line: [GNU C++17 (GCC) version 9.4.0 (x86_64-pc-linux-gnu)]
  ignore line: [	compiled by GNU C version 9.4.0  GMP version 6.1.0  MPFR version 3.1.4  MPC version 1.0.3  isl version isl-0.18-GMP]
  ignore line: []
  ignore line: [GGC heuristics: --param ggc-min-expand=100 --param ggc-min-heapsize=131072]
  ignore line: [ignoring nonexistent directory "/data0/home/wjl/software/gcc-9.4/usr/local/bin/../lib/gcc/x86_64-pc-linux-gnu/9.4.0/../../../../x86_64-pc-linux-gnu/include"]
  ignore line: [ignoring duplicate directory "/data0/home/wjl/software/gcc-9.4/usr/local/bin/../lib/gcc/../../lib/gcc/x86_64-pc-linux-gnu/9.4.0/../../../../include/c++/9.4.0"]
  ignore line: [ignoring duplicate directory "/data0/home/wjl/software/gcc-9.4/usr/local/bin/../lib/gcc/../../lib/gcc/x86_64-pc-linux-gnu/9.4.0/../../../../include/c++/9.4.0/x86_64-pc-linux-gnu"]
  ignore line: [ignoring duplicate directory "/data0/home/wjl/software/gcc-9.4/usr/local/bin/../lib/gcc/../../lib/gcc/x86_64-pc-linux-gnu/9.4.0/../../../../include/c++/9.4.0/backward"]
  ignore line: [ignoring duplicate directory "/data0/home/wjl/software/gcc-9.4/usr/local/bin/../lib/gcc/../../lib/gcc/x86_64-pc-linux-gnu/9.4.0/include"]
  ignore line: [ignoring duplicate directory "/data0/home/wjl/software/gcc-9.4/usr/local/bin/../lib/gcc/../../lib/gcc/x86_64-pc-linux-gnu/9.4.0/include-fixed"]
  ignore line: [ignoring nonexistent directory "/data0/home/wjl/software/gcc-9.4/usr/local/bin/../lib/gcc/../../lib/gcc/x86_64-pc-linux-gnu/9.4.0/../../../../x86_64-pc-linux-gnu/include"]
  ignore line: [#include "..." search starts here:]
  ignore line: [#include <...> search starts here:]
  ignore line: [ /data0/home/wjl/software/gcc-9.4/usr/local/include]
  ignore line: [ .]
  ignore line: [ /data0/home/wjl/software/gcc-9.4/usr/local/bin/../lib/gcc/x86_64-pc-linux-gnu/9.4.0/../../../../include/c++/9.4.0]
  ignore line: [ /data0/home/wjl/software/gcc-9.4/usr/local/bin/../lib/gcc/x86_64-pc-linux-gnu/9.4.0/../../../../include/c++/9.4.0/x86_64-pc-linux-gnu]
  ignore line: [ /data0/home/wjl/software/gcc-9.4/usr/local/bin/../lib/gcc/x86_64-pc-linux-gnu/9.4.0/../../../../include/c++/9.4.0/backward]
  ignore line: [ /data0/home/wjl/software/gcc-9.4/usr/local/bin/../lib/gcc/x86_64-pc-linux-gnu/9.4.0/include]
  ignore line: [ /data0/home/wjl/software/gcc-9.4/usr/local/bin/../lib/gcc/x86_64-pc-linux-gnu/9.4.0/include-fixed]
  ignore line: [ /usr/local/include]
  ignore line: [ /usr/include]
  ignore line: [End of search list.]
  ignore line: [GNU C++17 (GCC) version 9.4.0 (x86_64-pc-linux-gnu)]
  ignore line: [	compiled by GNU C version 9.4.0  GMP version 6.1.0  MPFR version 3.1.4  MPC version 1.0.3  isl version isl-0.18-GMP]
  ignore line: []
  ignore line: [GGC heuristics: --param ggc-min-expand=100 --param ggc-min-heapsize=131072]
  ignore line: [Compiler executable checksum: 1e694816a469bd14530d05eda68582c4]
  ignore line: [COLLECT_GCC_OPTIONS='-v' '-std=gnu++17' '-o' 'CMakeFiles/cmTC_63b8d.dir/CMakeCXXCompilerABI.cpp.o' '-c' '-shared-libgcc' '-mtune=generic' '-march=x86-64']
  ignore line: [ as -v --64 -o CMakeFiles/cmTC_63b8d.dir/CMakeCXXCompilerABI.cpp.o /tmp/cckhCpTd.s]
  ignore line: [GNU assembler version 2.27 (x86_64-redhat-linux) using BFD version version 2.27-44.base.el7]
  ignore line: [COMPILER_PATH=/data0/home/wjl/software/gcc-9.4/usr/local/bin/../libexec/gcc/x86_64-pc-linux-gnu/9.4.0/:/data0/home/wjl/software/gcc-9.4/usr/local/bin/../libexec/gcc/]
  ignore line: [LIBRARY_PATH=/data0/home/wjl/software/gcc-9.4/usr/local/bin/../lib/gcc/x86_64-pc-linux-gnu/9.4.0/:/data0/home/wjl/software/gcc-9.4/usr/local/bin/../lib/gcc/:/data0/home/wjl/software/gcc-9.4/usr/local/lib/../lib64/:/data0/home/wjl/software/gcc-9.4/usr/local/bin/../lib/gcc/x86_64-pc-linux-gnu/9.4.0/../../../../lib64/:/lib/../lib64/:/usr/lib/../lib64/:/data0/home/wjl/software/gcc-9.4/usr/local/lib/:./:/data0/home/wjl/software/gcc-9.4/usr/local/bin/../lib/gcc/x86_64-pc-linux-gnu/9.4.0/../../../:/lib/:/usr/lib/]
  ignore line: [COLLECT_GCC_OPTIONS='-v' '-std=gnu++17' '-o' 'CMakeFiles/cmTC_63b8d.dir/CMakeCXXCompilerABI.cpp.o' '-c' '-shared-libgcc' '-mtune=generic' '-march=x86-64']
  ignore line: [Linking CXX executable cmTC_63b8d]
  ignore line: [/data0/home/wjl/software/cmake-3.20/bin/cmake -E cmake_link_script CMakeFiles/cmTC_63b8d.dir/link.txt --verbose=1]
  ignore line: [/data0/home/wjl/software/gcc-9.4/usr/local/bin/c++  -v CMakeFiles/cmTC_63b8d.dir/CMakeCXXCompilerABI.cpp.o -o cmTC_63b8d ]
  ignore line: [Using built-in specs.]
  ignore line: [COLLECT_GCC=/data0/home/wjl/software/gcc-9.4/usr/local/bin/c++]
  ignore line: [COLLECT_LTO_WRAPPER=/data0/home/wjl/software/gcc-9.4/usr/local/bin/../libexec/gcc/x86_64-pc-linux-gnu/9.4.0/lto-wrapper]
  ignore line: [Target: x86_64-pc-linux-gnu]
  ignore line: [Configured with: ../configure -enable-checking=release -enable-languages=c c++ fortran -disable-multilib]
  ignore line: [Thread model: posix]
  ignore line: [gcc version 9.4.0 (GCC) ]
  ignore line: [COMPILER_PATH=/data0/home/wjl/software/gcc-9.4/usr/local/bin/../libexec/gcc/x86_64-pc-linux-gnu/9.4.0/:/data0/home/wjl/software/gcc-9.4/usr/local/bin/../libexec/gcc/]
  ignore line: [LIBRARY_PATH=/data0/home/wjl/software/gcc-9.4/usr/local/bin/../lib/gcc/x86_64-pc-linux-gnu/9.4.0/:/data0/home/wjl/software/gcc-9.4/usr/local/bin/../lib/gcc/:/data0/home/wjl/software/gcc-9.4/usr/local/lib/../lib64/:/data0/home/wjl/software/gcc-9.4/usr/local/bin/../lib/gcc/x86_64-pc-linux-gnu/9.4.0/../../../../lib64/:/lib/../lib64/:/usr/lib/../lib64/:/data0/home/wjl/software/gcc-9.4/usr/local/lib/:./:/data0/home/wjl/software/gcc-9.4/usr/local/bin/../lib/gcc/x86_64-pc-linux-gnu/9.4.0/../../../:/lib/:/usr/lib/]
  ignore line: [COLLECT_GCC_OPTIONS='-v' '-o' 'cmTC_63b8d' '-shared-libgcc' '-mtune=generic' '-march=x86-64']
  link line: [ /data0/home/wjl/software/gcc-9.4/usr/local/bin/../libexec/gcc/x86_64-pc-linux-gnu/9.4.0/collect2 -plugin /data0/home/wjl/software/gcc-9.4/usr/local/bin/../libexec/gcc/x86_64-pc-linux-gnu/9.4.0/liblto_plugin.so -plugin-opt=/data0/home/wjl/software/gcc-9.4/usr/local/bin/../libexec/gcc/x86_64-pc-linux-gnu/9.4.0/lto-wrapper -plugin-opt=-fresolution=/tmp/ccy3Xaof.res -plugin-opt=-pass-through=-lgcc_s -plugin-opt=-pass-through=-lgcc -plugin-opt=-pass-through=-lc -plugin-opt=-pass-through=-lgcc_s -plugin-opt=-pass-through=-lgcc --eh-frame-hdr -m elf_x86_64 -dynamic-linker /lib64/ld-linux-x86-64.so.2 -o cmTC_63b8d /lib/../lib64/crt1.o /lib/../lib64/crti.o /data0/home/wjl/software/gcc-9.4/usr/local/bin/../lib/gcc/x86_64-pc-linux-gnu/9.4.0/crtbegin.o -L/data0/home/wjl/software/gcc-9.4/usr/local/bin/../lib/gcc/x86_64-pc-linux-gnu/9.4.0 -L/data0/home/wjl/software/gcc-9.4/usr/local/bin/../lib/gcc -L/data0/home/wjl/software/gcc-9.4/usr/local/lib/../lib64 -L/data0/home/wjl/software/gcc-9.4/usr/local/bin/../lib/gcc/x86_64-pc-linux-gnu/9.4.0/../../../../lib64 -L/lib/../lib64 -L/usr/lib/../lib64 -L/data0/home/wjl/software/gcc-9.4/usr/local/lib -L. -L/data0/home/wjl/software/gcc-9.4/usr/local/bin/../lib/gcc/x86_64-pc-linux-gnu/9.4.0/../../.. CMakeFiles/cmTC_63b8d.dir/CMakeCXXCompilerABI.cpp.o -lstdc++ -lm -lgcc_s -lgcc -lc -lgcc_s -lgcc /data0/home/wjl/software/gcc-9.4/usr/local/bin/../lib/gcc/x86_64-pc-linux-gnu/9.4.0/crtend.o /lib/../lib64/crtn.o]
    arg [/data0/home/wjl/software/gcc-9.4/usr/local/bin/../libexec/gcc/x86_64-pc-linux-gnu/9.4.0/collect2] ==> ignore
    arg [-plugin] ==> ignore
    arg [/data0/home/wjl/software/gcc-9.4/usr/local/bin/../libexec/gcc/x86_64-pc-linux-gnu/9.4.0/liblto_plugin.so] ==> ignore
    arg [-plugin-opt=/data0/home/wjl/software/gcc-9.4/usr/local/bin/../libexec/gcc/x86_64-pc-linux-gnu/9.4.0/lto-wrapper] ==> ignore
    arg [-plugin-opt=-fresolution=/tmp/ccy3Xaof.res] ==> ignore
    arg [-plugin-opt=-pass-through=-lgcc_s] ==> ignore
    arg [-plugin-opt=-pass-through=-lgcc] ==> ignore
    arg [-plugin-opt=-pass-through=-lc] ==> ignore
    arg [-plugin-opt=-pass-through=-lgcc_s] ==> ignore
    arg [-plugin-opt=-pass-through=-lgcc] ==> ignore
    arg [--eh-frame-hdr] ==> ignore
    arg [-m] ==> ignore
    arg [elf_x86_64] ==> ignore
    arg [-dynamic-linker] ==> ignore
    arg [/lib64/ld-linux-x86-64.so.2] ==> ignore
    arg [-o] ==> ignore
    arg [cmTC_63b8d] ==> ignore
    arg [/lib/../lib64/crt1.o] ==> obj [/lib/../lib64/crt1.o]
    arg [/lib/../lib64/crti.o] ==> obj [/lib/../lib64/crti.o]
    arg [/data0/home/wjl/software/gcc-9.4/usr/local/bin/../lib/gcc/x86_64-pc-linux-gnu/9.4.0/crtbegin.o] ==> obj [/data0/home/wjl/software/gcc-9.4/usr/local/bin/../lib/gcc/x86_64-pc-linux-gnu/9.4.0/crtbegin.o]
    arg [-L/data0/home/wjl/software/gcc-9.4/usr/local/bin/../lib/gcc/x86_64-pc-linux-gnu/9.4.0] ==> dir [/data0/home/wjl/software/gcc-9.4/usr/local/bin/../lib/gcc/x86_64-pc-linux-gnu/9.4.0]
    arg [-L/data0/home/wjl/software/gcc-9.4/usr/local/bin/../lib/gcc] ==> dir [/data0/home/wjl/software/gcc-9.4/usr/local/bin/../lib/gcc]
    arg [-L/data0/home/wjl/software/gcc-9.4/usr/local/lib/../lib64] ==> dir [/data0/home/wjl/software/gcc-9.4/usr/local/lib/../lib64]
    arg [-L/data0/home/wjl/software/gcc-9.4/usr/local/bin/../lib/gcc/x86_64-pc-linux-gnu/9.4.0/../../../../lib64] ==> dir [/data0/home/wjl/software/gcc-9.4/usr/local/bin/../lib/gcc/x86_64-pc-linux-gnu/9.4.0/../../../../lib64]
    arg [-L/lib/../lib64] ==> dir [/lib/../lib64]
    arg [-L/usr/lib/../lib64] ==> dir [/usr/lib/../lib64]
    arg [-L/data0/home/wjl/software/gcc-9.4/usr/local/lib] ==> dir [/data0/home/wjl/software/gcc-9.4/usr/local/lib]
    arg [-L.] ==> ignore
    arg [-L/data0/home/wjl/software/gcc-9.4/usr/local/bin/../lib/gcc/x86_64-pc-linux-gnu/9.4.0/../../..] ==> dir [/data0/home/wjl/software/gcc-9.4/usr/local/bin/../lib/gcc/x86_64-pc-linux-gnu/9.4.0/../../..]
    arg [CMakeFiles/cmTC_63b8d.dir/CMakeCXXCompilerABI.cpp.o] ==> ignore
    arg [-lstdc++] ==> lib [stdc++]
    arg [-lm] ==> lib [m]
    arg [-lgcc_s] ==> lib [gcc_s]
    arg [-lgcc] ==> lib [gcc]
    arg [-lc] ==> lib [c]
    arg [-lgcc_s] ==> lib [gcc_s]
    arg [-lgcc] ==> lib [gcc]
    arg [/data0/home/wjl/software/gcc-9.4/usr/local/bin/../lib/gcc/x86_64-pc-linux-gnu/9.4.0/crtend.o] ==> obj [/data0/home/wjl/software/gcc-9.4/usr/local/bin/../lib/gcc/x86_64-pc-linux-gnu/9.4.0/crtend.o]
    arg [/lib/../lib64/crtn.o] ==> obj [/lib/../lib64/crtn.o]
  collapse obj [/lib/../lib64/crt1.o] ==> [/lib64/crt1.o]
  collapse obj [/lib/../lib64/crti.o] ==> [/lib64/crti.o]
  collapse obj [/data0/home/wjl/software/gcc-9.4/usr/local/bin/../lib/gcc/x86_64-pc-linux-gnu/9.4.0/crtbegin.o] ==> [/data0/home/wjl/software/gcc-9.4/usr/local/lib/gcc/x86_64-pc-linux-gnu/9.4.0/crtbegin.o]
  collapse obj [/data0/home/wjl/software/gcc-9.4/usr/local/bin/../lib/gcc/x86_64-pc-linux-gnu/9.4.0/crtend.o] ==> [/data0/home/wjl/software/gcc-9.4/usr/local/lib/gcc/x86_64-pc-linux-gnu/9.4.0/crtend.o]
  collapse obj [/lib/../lib64/crtn.o] ==> [/lib64/crtn.o]
  collapse library dir [/data0/home/wjl/software/gcc-9.4/usr/local/bin/../lib/gcc/x86_64-pc-linux-gnu/9.4.0] ==> [/data0/home/wjl/software/gcc-9.4/usr/local/lib/gcc/x86_64-pc-linux-gnu/9.4.0]
  collapse library dir [/data0/home/wjl/software/gcc-9.4/usr/local/bin/../lib/gcc] ==> [/data0/home/wjl/software/gcc-9.4/usr/local/lib/gcc]
  collapse library dir [/data0/home/wjl/software/gcc-9.4/usr/local/lib/../lib64] ==> [/data0/home/wjl/software/gcc-9.4/usr/local/lib64]
  collapse library dir [/data0/home/wjl/software/gcc-9.4/usr/local/bin/../lib/gcc/x86_64-pc-linux-gnu/9.4.0/../../../../lib64] ==> [/data0/home/wjl/software/gcc-9.4/usr/local/lib64]
  collapse library dir [/lib/../lib64] ==> [/lib64]
  collapse library dir [/usr/lib/../lib64] ==> [/usr/lib64]
  collapse library dir [/data0/home/wjl/software/gcc-9.4/usr/local/lib] ==> [/data0/home/wjl/software/gcc-9.4/usr/local/lib]
  collapse library dir [/data0/home/wjl/software/gcc-9.4/usr/local/bin/../lib/gcc/x86_64-pc-linux-gnu/9.4.0/../../..] ==> [/data0/home/wjl/software/gcc-9.4/usr/local/lib]
  implicit libs: [stdc++;m;gcc_s;gcc;c;gcc_s;gcc]
  implicit objs: [/lib64/crt1.o;/lib64/crti.o;/data0/home/wjl/software/gcc-9.4/usr/local/lib/gcc/x86_64-pc-linux-gnu/9.4.0/crtbegin.o;/data0/home/wjl/software/gcc-9.4/usr/local/lib/gcc/x86_64-pc-linux-gnu/9.4.0/crtend.o;/lib64/crtn.o]
  implicit dirs: [/data0/home/wjl/software/gcc-9.4/usr/local/lib/gcc/x86_64-pc-linux-gnu/9.4.0;/data0/home/wjl/software/gcc-9.4/usr/local/lib/gcc;/data0/home/wjl/software/gcc-9.4/usr/local/lib64;/lib64;/usr/lib64;/data0/home/wjl/software/gcc-9.4/usr/local/lib]
  implicit fwks: []


Detecting CUDA compiler ABI info compiled with the following output:
Change Dir: /data0/home/wjl/matrixSolver/solver/src_cpp_learning/build/CMakeFiles/CMakeTmp

Run Build Command(s):/usr/bin/gmake -f Makefile cmTC_c1fde/fast && /usr/bin/gmake  -f CMakeFiles/cmTC_c1fde.dir/build.make CMakeFiles/cmTC_c1fde.dir/build
gmake[1]: Entering directory `/data0/home/wjl/matrixSolver/solver/src_cpp_learning/build/CMakeFiles/CMakeTmp'
Building CUDA object CMakeFiles/cmTC_c1fde.dir/CMakeCUDACompilerABI.cu.o
/public/software/cuda-11.5/bin/nvcc -forward-unknown-to-host-compiler   --generate-code=arch=compute_80,code=[compute_80,sm_80]   -Xcompiler=-v -MD -MT CMakeFiles/cmTC_c1fde.dir/CMakeCUDACompilerABI.cu.o -MF CMakeFiles/cmTC_c1fde.dir/CMakeCUDACompilerABI.cu.o.d -x cu -c /data0/home/wjl/software/cmake-3.20/share/cmake-3.20/Modules/CMakeCUDACompilerABI.cu -o CMakeFiles/cmTC_c1fde.dir/CMakeCUDACompilerABI.cu.o
Using built-in specs.
COLLECT_GCC=gcc
Target: x86_64-pc-linux-gnu
Configured with: ../configure -enable-checking=release -enable-languages=c,c++,fortran -disable-multilib
Thread model: posix
gcc version 9.4.0 (GCC) 
COLLECT_GCC_OPTIONS='-D' '__CUDA_ARCH__=800' '-D' '__CUDA_ARCH_LIST__=800' '-E' '-D' 'CUDA_DOUBLE_MATH_FUNCTIONS' '-D' '__CUDACC__' '-D' '__NVCC__' '-v' '-I' '/public/software/cuda-11.5/bin/../targets/x86_64-linux/include' '-D' '__CUDACC_VER_MAJOR__=11' '-D' '__CUDACC_VER_MINOR__=5' '-D' '__CUDACC_VER_BUILD__=119' '-D' '__CUDA_API_VER_MAJOR__=11' '-D' '__CUDA_API_VER_MINOR__=5' '-D' '__NVCC_DIAG_PRAGMA_SUPPORT__=1' '-include' 'cuda_runtime.h' '-m64' '-o' '/tmp/tmpxft_00016ce1_00000000-7_CMakeCUDACompilerABI.cpp1.ii' '-mtune=generic' '-march=x86-64'
 /data0/home/wjl/software/gcc-9.4/usr/local/bin/../libexec/gcc/x86_64-pc-linux-gnu/9.4.0/cc1plus -E -quiet -v -I /public/software/cuda-11.5/bin/../targets/x86_64-linux/include -iprefix /data0/home/wjl/software/gcc-9.4/usr/local/bin/../lib/gcc/x86_64-pc-linux-gnu/9.4.0/ -D_GNU_SOURCE -D __CUDA_ARCH__=800 -D __CUDA_ARCH_LIST__=800 -D CUDA_DOUBLE_MATH_FUNCTIONS -D __CUDACC__ -D __NVCC__ -D __CUDACC_VER_MAJOR__=11 -D __CUDACC_VER_MINOR__=5 -D __CUDACC_VER_BUILD__=119 -D __CUDA_API_VER_MAJOR__=11 -D __CUDA_API_VER_MINOR__=5 -D __NVCC_DIAG_PRAGMA_SUPPORT__=1 -include cuda_runtime.h /data0/home/wjl/software/cmake-3.20/share/cmake-3.20/Modules/CMakeCUDACompilerABI.cu -o /tmp/tmpxft_00016ce1_00000000-7_CMakeCUDACompilerABI.cpp1.ii -m64 -mtune=generic -march=x86-64
ignoring nonexistent directory "/data0/home/wjl/software/gcc-9.4/usr/local/bin/../lib/gcc/x86_64-pc-linux-gnu/9.4.0/../../../../x86_64-pc-linux-gnu/include"
ignoring duplicate directory "/data0/home/wjl/software/gcc-9.4/usr/local/bin/../lib/gcc/../../lib/gcc/x86_64-pc-linux-gnu/9.4.0/../../../../include/c++/9.4.0"
ignoring duplicate directory "/data0/home/wjl/software/gcc-9.4/usr/local/bin/../lib/gcc/../../lib/gcc/x86_64-pc-linux-gnu/9.4.0/../../../../include/c++/9.4.0/x86_64-pc-linux-gnu"
ignoring duplicate directory "/data0/home/wjl/software/gcc-9.4/usr/local/bin/../lib/gcc/../../lib/gcc/x86_64-pc-linux-gnu/9.4.0/../../../../include/c++/9.4.0/backward"
ignoring duplicate directory "/data0/home/wjl/software/gcc-9.4/usr/local/bin/../lib/gcc/../../lib/gcc/x86_64-pc-linux-gnu/9.4.0/include"
ignoring duplicate directory "/data0/home/wjl/software/gcc-9.4/usr/local/bin/../lib/gcc/../../lib/gcc/x86_64-pc-linux-gnu/9.4.0/include-fixed"
ignoring nonexistent directory "/data0/home/wjl/software/gcc-9.4/usr/local/bin/../lib/gcc/../../lib/gcc/x86_64-pc-linux-gnu/9.4.0/../../../../x86_64-pc-linux-gnu/include"
#include "..." search starts here:
#include <...> search starts here:
 /public/software/cuda-11.5/bin/../targets/x86_64-linux/include
 /data0/home/wjl/software/gcc-9.4/usr/local/include
 .
 /data0/home/wjl/software/gcc-9.4/usr/local/bin/../lib/gcc/x86_64-pc-linux-gnu/9.4.0/../../../../include/c++/9.4.0
 /data0/home/wjl/software/gcc-9.4/usr/local/bin/../lib/gcc/x86_64-pc-linux-gnu/9.4.0/../../../../include/c++/9.4.0/x86_64-pc-linux-gnu
 /data0/home/wjl/software/gcc-9.4/usr/local/bin/../lib/gcc/x86_64-pc-linux-gnu/9.4.0/../../../../include/c++/9.4.0/backward
 /data0/home/wjl/software/gcc-9.4/usr/local/bin/../lib/gcc/x86_64-pc-linux-gnu/9.4.0/include
 /data0/home/wjl/software/gcc-9.4/usr/local/bin/../lib/gcc/x86_64-pc-linux-gnu/9.4.0/include-fixed
 /usr/local/include
 /usr/include
End of search list.
COMPILER_PATH=/data0/home/wjl/software/gcc-9.4/usr/local/bin/../libexec/gcc/x86_64-pc-linux-gnu/9.4.0/:/data0/home/wjl/software/gcc-9.4/usr/local/bin/../libexec/gcc/
LIBRARY_PATH=/data0/home/wjl/software/gcc-9.4/usr/local/bin/../lib/gcc/x86_64-pc-linux-gnu/9.4.0/:/data0/home/wjl/software/gcc-9.4/usr/local/bin/../lib/gcc/:/data0/home/wjl/software/gcc-9.4/usr/local/lib/../lib64/:/data0/home/wjl/software/gcc-9.4/usr/local/bin/../lib/gcc/x86_64-pc-linux-gnu/9.4.0/../../../../lib64/:/lib/../lib64/:/usr/lib/../lib64/:/data0/home/wjl/software/gcc-9.4/usr/local/lib/:./:/data0/home/wjl/software/gcc-9.4/usr/local/bin/../lib/gcc/x86_64-pc-linux-gnu/9.4.0/../../../:/lib/:/usr/lib/
COLLECT_GCC_OPTIONS='-D' '__CUDA_ARCH__=800' '-D' '__CUDA_ARCH_LIST__=800' '-E' '-D' 'CUDA_DOUBLE_MATH_FUNCTIONS' '-D' '__CUDACC__' '-D' '__NVCC__' '-v' '-I' '/public/software/cuda-11.5/bin/../targets/x86_64-linux/include' '-D' '__CUDACC_VER_MAJOR__=11' '-D' '__CUDACC_VER_MINOR__=5' '-D' '__CUDACC_VER_BUILD__=119' '-D' '__CUDA_API_VER_MAJOR__=11' '-D' '__CUDA_API_VER_MINOR__=5' '-D' '__NVCC_DIAG_PRAGMA_SUPPORT__=1' '-include' 'cuda_runtime.h' '-m64' '-o' '/tmp/tmpxft_00016ce1_00000000-7_CMakeCUDACompilerABI.cpp1.ii' '-mtune=generic' '-march=x86-64'
Using built-in specs.
COLLECT_GCC=gcc
Target: x86_64-pc-linux-gnu
Configured with: ../configure -enable-checking=release -enable-languages=c,c++,fortran -disable-multilib
Thread model: posix
gcc version 9.4.0 (GCC) 
COLLECT_GCC_OPTIONS='-D' '__CUDA_ARCH_LIST__=800' '-E' '-D' '__CUDACC__' '-D' '__NVCC__' '-v' '-I' '/public/software/cuda-11.5/bin/../targets/x86_64-linux/include' '-D' '__CUDACC_VER_MAJOR__=11' '-D' '__CUDACC_VER_MINOR__=5' '-D' '__CUDACC_VER_BUILD__=119' '-D' '__CUDA_API_VER_MAJOR__=11' '-D' '__CUDA_API_VER_MINOR__=5' '-D' '__NVCC_DIAG_PRAGMA_SUPPORT__=1' '-include' 'cuda_runtime.h' '-m64' '-o' '/tmp/tmpxft_00016ce1_00000000-5_CMakeCUDACompilerABI.cpp4.ii' '-mtune=generic' '-march=x86-64'
 /data0/home/wjl/software/gcc-9.4/usr/local/bin/../libexec/gcc/x86_64-pc-linux-gnu/9.4.0/cc1plus -E -quiet -v -I /public/software/cuda-11.5/bin/../targets/x86_64-linux/include -iprefix /data0/home/wjl/software/gcc-9.4/usr/local/bin/../lib/gcc/x86_64-pc-linux-gnu/9.4.0/ -D_GNU_SOURCE -D __CUDA_ARCH_LIST__=800 -D __CUDACC__ -D __NVCC__ -D __CUDACC_VER_MAJOR__=11 -D __CUDACC_VER_MINOR__=5 -D __CUDACC_VER_BUILD__=119 -D __CUDA_API_VER_MAJOR__=11 -D __CUDA_API_VER_MINOR__=5 -D __NVCC_DIAG_PRAGMA_SUPPORT__=1 -include cuda_runtime.h /data0/home/wjl/software/cmake-3.20/share/cmake-3.20/Modules/CMakeCUDACompilerABI.cu -o /tmp/tmpxft_00016ce1_00000000-5_CMakeCUDACompilerABI.cpp4.ii -m64 -mtune=generic -march=x86-64
ignoring nonexistent directory "/data0/home/wjl/software/gcc-9.4/usr/local/bin/../lib/gcc/x86_64-pc-linux-gnu/9.4.0/../../../../x86_64-pc-linux-gnu/include"
ignoring duplicate directory "/data0/home/wjl/software/gcc-9.4/usr/local/bin/../lib/gcc/../../lib/gcc/x86_64-pc-linux-gnu/9.4.0/../../../../include/c++/9.4.0"
ignoring duplicate directory "/data0/home/wjl/software/gcc-9.4/usr/local/bin/../lib/gcc/../../lib/gcc/x86_64-pc-linux-gnu/9.4.0/../../../../include/c++/9.4.0/x86_64-pc-linux-gnu"
ignoring duplicate directory "/data0/home/wjl/software/gcc-9.4/usr/local/bin/../lib/gcc/../../lib/gcc/x86_64-pc-linux-gnu/9.4.0/../../../../include/c++/9.4.0/backward"
ignoring duplicate directory "/data0/home/wjl/software/gcc-9.4/usr/local/bin/../lib/gcc/../../lib/gcc/x86_64-pc-linux-gnu/9.4.0/include"
ignoring duplicate directory "/data0/home/wjl/software/gcc-9.4/usr/local/bin/../lib/gcc/../../lib/gcc/x86_64-pc-linux-gnu/9.4.0/include-fixed"
ignoring nonexistent directory "/data0/home/wjl/software/gcc-9.4/usr/local/bin/../lib/gcc/../../lib/gcc/x86_64-pc-linux-gnu/9.4.0/../../../../x86_64-pc-linux-gnu/include"
#include "..." search starts here:
#include <...> search starts here:
 /public/software/cuda-11.5/bin/../targets/x86_64-linux/include
 /data0/home/wjl/software/gcc-9.4/usr/local/include
 .
 /data0/home/wjl/software/gcc-9.4/usr/local/bin/../lib/gcc/x86_64-pc-linux-gnu/9.4.0/../../../../include/c++/9.4.0
 /data0/home/wjl/software/gcc-9.4/usr/local/bin/../lib/gcc/x86_64-pc-linux-gnu/9.4.0/../../../../include/c++/9.4.0/x86_64-pc-linux-gnu
 /data0/home/wjl/software/gcc-9.4/usr/local/bin/../lib/gcc/x86_64-pc-linux-gnu/9.4.0/../../../../include/c++/9.4.0/backward
 /data0/home/wjl/software/gcc-9.4/usr/local/bin/../lib/gcc/x86_64-pc-linux-gnu/9.4.0/include
 /data0/home/wjl/software/gcc-9.4/usr/local/bin/../lib/gcc/x86_64-pc-linux-gnu/9.4.0/include-fixed
 /usr/local/include
 /usr/include
End of search list.
COMPILER_PATH=/data0/home/wjl/software/gcc-9.4/usr/local/bin/../libexec/gcc/x86_64-pc-linux-gnu/9.4.0/:/data0/home/wjl/software/gcc-9.4/usr/local/bin/../libexec/gcc/
LIBRARY_PATH=/data0/home/wjl/software/gcc-9.4/usr/local/bin/../lib/gcc/x86_64-pc-linux-gnu/9.4.0/:/data0/home/wjl/software/gcc-9.4/usr/local/bin/../lib/gcc/:/data0/home/wjl/software/gcc-9.4/usr/local/lib/../lib64/:/data0/home/wjl/software/gcc-9.4/usr/local/bin/../lib/gcc/x86_64-pc-linux-gnu/9.4.0/../../../../lib64/:/lib/../lib64/:/usr/lib/../lib64/:/data0/home/wjl/software/gcc-9.4/usr/local/lib/:./:/data0/home/wjl/software/gcc-9.4/usr/local/bin/../lib/gcc/x86_64-pc-linux-gnu/9.4.0/../../../:/lib/:/usr/lib/
COLLECT_GCC_OPTIONS='-D' '__CUDA_ARCH_LIST__=800' '-E' '-D' '__CUDACC__' '-D' '__NVCC__' '-v' '-I' '/public/software/cuda-11.5/bin/../targets/x86_64-linux/include' '-D' '__CUDACC_VER_MAJOR__=11' '-D' '__CUDACC_VER_MINOR__=5' '-D' '__CUDACC_VER_BUILD__=119' '-D' '__CUDA_API_VER_MAJOR__=11' '-D' '__CUDA_API_VER_MINOR__=5' '-D' '__NVCC_DIAG_PRAGMA_SUPPORT__=1' '-include' 'cuda_runtime.h' '-m64' '-o' '/tmp/tmpxft_00016ce1_00000000-5_CMakeCUDACompilerABI.cpp4.ii' '-mtune=generic' '-march=x86-64'
Using built-in specs.
COLLECT_GCC=gcc
Target: x86_64-pc-linux-gnu
Configured with: ../configure -enable-checking=release -enable-languages=c,c++,fortran -disable-multilib
Thread model: posix
gcc version 9.4.0 (GCC) 
COLLECT_GCC_OPTIONS='-D' '__CUDA_ARCH__=800' '-D' '__CUDA_ARCH_LIST__=800' '-c' '-D' 'CUDA_DOUBLE_MATH_FUNCTIONS' '-v' '-I' '/public/software/cuda-11.5/bin/../targets/x86_64-linux/include' '-m64' '-o' 'CMakeFiles/cmTC_c1fde.dir/CMakeCUDACompilerABI.cu.o' '-mtune=generic' '-march=x86-64'
 /data0/home/wjl/software/gcc-9.4/usr/local/bin/../libexec/gcc/x86_64-pc-linux-gnu/9.4.0/cc1plus -quiet -v -I /public/software/cuda-11.5/bin/../targets/x86_64-linux/include -iprefix /data0/home/wjl/software/gcc-9.4/usr/local/bin/../lib/gcc/x86_64-pc-linux-gnu/9.4.0/ -D_GNU_SOURCE -D __CUDA_ARCH__=800 -D __CUDA_ARCH_LIST__=800 -D CUDA_DOUBLE_MATH_FUNCTIONS /tmp/tmpxft_00016ce1_00000000-6_CMakeCUDACompilerABI.cudafe1.cpp -quiet -dumpbase tmpxft_00016ce1_00000000-6_CMakeCUDACompilerABI.cudafe1.cpp -m64 -mtune=generic -march=x86-64 -auxbase-strip CMakeFiles/cmTC_c1fde.dir/CMakeCUDACompilerABI.cu.o -version -o /tmp/ccjZew4F.s
GNU C++14 (GCC) version 9.4.0 (x86_64-pc-linux-gnu)
	compiled by GNU C version 9.4.0, GMP version 6.1.0, MPFR version 3.1.4, MPC version 1.0.3, isl version isl-0.18-GMP

GGC heuristics: --param ggc-min-expand=100 --param ggc-min-heapsize=131072
ignoring nonexistent directory "/data0/home/wjl/software/gcc-9.4/usr/local/bin/../lib/gcc/x86_64-pc-linux-gnu/9.4.0/../../../../x86_64-pc-linux-gnu/include"
ignoring duplicate directory "/data0/home/wjl/software/gcc-9.4/usr/local/bin/../lib/gcc/../../lib/gcc/x86_64-pc-linux-gnu/9.4.0/../../../../include/c++/9.4.0"
ignoring duplicate directory "/data0/home/wjl/software/gcc-9.4/usr/local/bin/../lib/gcc/../../lib/gcc/x86_64-pc-linux-gnu/9.4.0/../../../../include/c++/9.4.0/x86_64-pc-linux-gnu"
ignoring duplicate directory "/data0/home/wjl/software/gcc-9.4/usr/local/bin/../lib/gcc/../../lib/gcc/x86_64-pc-linux-gnu/9.4.0/../../../../include/c++/9.4.0/backward"
ignoring duplicate directory "/data0/home/wjl/software/gcc-9.4/usr/local/bin/../lib/gcc/../../lib/gcc/x86_64-pc-linux-gnu/9.4.0/include"
ignoring duplicate directory "/data0/home/wjl/software/gcc-9.4/usr/local/bin/../lib/gcc/../../lib/gcc/x86_64-pc-linux-gnu/9.4.0/include-fixed"
ignoring nonexistent directory "/data0/home/wjl/software/gcc-9.4/usr/local/bin/../lib/gcc/../../lib/gcc/x86_64-pc-linux-gnu/9.4.0/../../../../x86_64-pc-linux-gnu/include"
#include "..." search starts here:
#include <...> search starts here:
 /public/software/cuda-11.5/bin/../targets/x86_64-linux/include
 /data0/home/wjl/software/gcc-9.4/usr/local/include
 .
 /data0/home/wjl/software/gcc-9.4/usr/local/bin/../lib/gcc/x86_64-pc-linux-gnu/9.4.0/../../../../include/c++/9.4.0
 /data0/home/wjl/software/gcc-9.4/usr/local/bin/../lib/gcc/x86_64-pc-linux-gnu/9.4.0/../../../../include/c++/9.4.0/x86_64-pc-linux-gnu
 /data0/home/wjl/software/gcc-9.4/usr/local/bin/../lib/gcc/x86_64-pc-linux-gnu/9.4.0/../../../../include/c++/9.4.0/backward
 /data0/home/wjl/software/gcc-9.4/usr/local/bin/../lib/gcc/x86_64-pc-linux-gnu/9.4.0/include
 /data0/home/wjl/software/gcc-9.4/usr/local/bin/../lib/gcc/x86_64-pc-linux-gnu/9.4.0/include-fixed
 /usr/local/include
 /usr/include
End of search list.
GNU C++14 (GCC) version 9.4.0 (x86_64-pc-linux-gnu)
	compiled by GNU C version 9.4.0, GMP version 6.1.0, MPFR version 3.1.4, MPC version 1.0.3, isl version isl-0.18-GMP

GGC heuristics: --param ggc-min-expand=100 --param ggc-min-heapsize=131072
Compiler executable checksum: 1e694816a469bd14530d05eda68582c4
COLLECT_GCC_OPTIONS='-D' '__CUDA_ARCH__=800' '-D' '__CUDA_ARCH_LIST__=800' '-c' '-D' 'CUDA_DOUBLE_MATH_FUNCTIONS' '-v' '-I' '/public/software/cuda-11.5/bin/../targets/x86_64-linux/include' '-m64' '-o' 'CMakeFiles/cmTC_c1fde.dir/CMakeCUDACompilerABI.cu.o' '-mtune=generic' '-march=x86-64'
 as -v -I /public/software/cuda-11.5/bin/../targets/x86_64-linux/include --64 -o CMakeFiles/cmTC_c1fde.dir/CMakeCUDACompilerABI.cu.o /tmp/ccjZew4F.s
GNU assembler version 2.27 (x86_64-redhat-linux) using BFD version version 2.27-44.base.el7
COMPILER_PATH=/data0/home/wjl/software/gcc-9.4/usr/local/bin/../libexec/gcc/x86_64-pc-linux-gnu/9.4.0/:/data0/home/wjl/software/gcc-9.4/usr/local/bin/../libexec/gcc/
LIBRARY_PATH=/data0/home/wjl/software/gcc-9.4/usr/local/bin/../lib/gcc/x86_64-pc-linux-gnu/9.4.0/:/data0/home/wjl/software/gcc-9.4/usr/local/bin/../lib/gcc/:/data0/home/wjl/software/gcc-9.4/usr/local/lib/../lib64/:/data0/home/wjl/software/gcc-9.4/usr/local/bin/../lib/gcc/x86_64-pc-linux-gnu/9.4.0/../../../../lib64/:/lib/../lib64/:/usr/lib/../lib64/:/data0/home/wjl/software/gcc-9.4/usr/local/lib/:./:/data0/home/wjl/software/gcc-9.4/usr/local/bin/../lib/gcc/x86_64-pc-linux-gnu/9.4.0/../../../:/lib/:/usr/lib/
COLLECT_GCC_OPTIONS='-D' '__CUDA_ARCH__=800' '-D' '__CUDA_ARCH_LIST__=800' '-c' '-D' 'CUDA_DOUBLE_MATH_FUNCTIONS' '-v' '-I' '/public/software/cuda-11.5/bin/../targets/x86_64-linux/include' '-m64' '-o' 'CMakeFiles/cmTC_c1fde.dir/CMakeCUDACompilerABI.cu.o' '-mtune=generic' '-march=x86-64'
Linking CUDA executable cmTC_c1fde
/data0/home/wjl/software/cmake-3.20/bin/cmake -E cmake_link_script CMakeFiles/cmTC_c1fde.dir/link.txt --verbose=1
/data0/home/wjl/software/gcc-9.4/usr/local/bin/g++  -v CMakeFiles/cmTC_c1fde.dir/CMakeCUDACompilerABI.cu.o -o cmTC_c1fde  -lcudadevrt -lcudart_static -lrt -lpthread -ldl  -L"/public/software/cuda-11.5/targets/x86_64-linux/lib/stubs" -L"/public/software/cuda-11.5/targets/x86_64-linux/lib"
Using built-in specs.
COLLECT_GCC=/data0/home/wjl/software/gcc-9.4/usr/local/bin/g++
COLLECT_LTO_WRAPPER=/data0/home/wjl/software/gcc-9.4/usr/local/bin/../libexec/gcc/x86_64-pc-linux-gnu/9.4.0/lto-wrapper
Target: x86_64-pc-linux-gnu
Configured with: ../configure -enable-checking=release -enable-languages=c,c++,fortran -disable-multilib
Thread model: posix
gcc version 9.4.0 (GCC) 
COMPILER_PATH=/data0/home/wjl/software/gcc-9.4/usr/local/bin/../libexec/gcc/x86_64-pc-linux-gnu/9.4.0/:/data0/home/wjl/software/gcc-9.4/usr/local/bin/../libexec/gcc/
LIBRARY_PATH=/data0/home/wjl/software/gcc-9.4/usr/local/bin/../lib/gcc/x86_64-pc-linux-gnu/9.4.0/:/data0/home/wjl/software/gcc-9.4/usr/local/bin/../lib/gcc/:/data0/home/wjl/software/gcc-9.4/usr/local/lib/../lib64/:/data0/home/wjl/software/gcc-9.4/usr/local/bin/../lib/gcc/x86_64-pc-linux-gnu/9.4.0/../../../../lib64/:/lib/../lib64/:/usr/lib/../lib64/:/data0/home/wjl/software/gcc-9.4/usr/local/lib/:./:/data0/home/wjl/software/gcc-9.4/usr/local/bin/../lib/gcc/x86_64-pc-linux-gnu/9.4.0/../../../:/lib/:/usr/lib/
COLLECT_GCC_OPTIONS='-v' '-o' 'cmTC_c1fde' '-L/public/software/cuda-11.5/targets/x86_64-linux/lib/stubs' '-L/public/software/cuda-11.5/targets/x86_64-linux/lib' '-shared-libgcc' '-mtune=generic' '-march=x86-64'
 /data0/home/wjl/software/gcc-9.4/usr/local/bin/../libexec/gcc/x86_64-pc-linux-gnu/9.4.0/collect2 -plugin /data0/home/wjl/software/gcc-9.4/usr/local/bin/../libexec/gcc/x86_64-pc-linux-gnu/9.4.0/liblto_plugin.so -plugin-opt=/data0/home/wjl/software/gcc-9.4/usr/local/bin/../libexec/gcc/x86_64-pc-linux-gnu/9.4.0/lto-wrapper -plugin-opt=-fresolution=/tmp/cciNjWFQ.res -plugin-opt=-pass-through=-lgcc_s -plugin-opt=-pass-through=-lgcc -plugin-opt=-pass-through=-lc -plugin-opt=-pass-through=-lgcc_s -plugin-opt=-pass-through=-lgcc --eh-frame-hdr -m elf_x86_64 -dynamic-linker /lib64/ld-linux-x86-64.so.2 -o cmTC_c1fde /lib/../lib64/crt1.o /lib/../lib64/crti.o /data0/home/wjl/software/gcc-9.4/usr/local/bin/../lib/gcc/x86_64-pc-linux-gnu/9.4.0/crtbegin.o -L/public/software/cuda-11.5/targets/x86_64-linux/lib/stubs -L/public/software/cuda-11.5/targets/x86_64-linux/lib -L/data0/home/wjl/software/gcc-9.4/usr/local/bin/../lib/gcc/x86_64-pc-linux-gnu/9.4.0 -L/data0/home/wjl/software/gcc-9.4/usr/local/bin/../lib/gcc -L/data0/home/wjl/software/gcc-9.4/usr/local/lib/../lib64 -L/data0/home/wjl/software/gcc-9.4/usr/local/bin/../lib/gcc/x86_64-pc-linux-gnu/9.4.0/../../../../lib64 -L/lib/../lib64 -L/usr/lib/../lib64 -L/data0/home/wjl/software/gcc-9.4/usr/local/lib -L. -L/data0/home/wjl/software/gcc-9.4/usr/local/bin/../lib/gcc/x86_64-pc-linux-gnu/9.4.0/../../.. CMakeFiles/cmTC_c1fde.dir/CMakeCUDACompilerABI.cu.o -lcudadevrt -lcudart_static -lrt -lpthread -ldl -lstdc++ -lm -lgcc_s -lgcc -lc -lgcc_s -lgcc /data0/home/wjl/software/gcc-9.4/usr/local/bin/../lib/gcc/x86_64-pc-linux-gnu/9.4.0/crtend.o /lib/../lib64/crtn.o
COLLECT_GCC_OPTIONS='-v' '-o' 'cmTC_c1fde' '-L/public/software/cuda-11.5/targets/x86_64-linux/lib/stubs' '-L/public/software/cuda-11.5/targets/x86_64-linux/lib' '-shared-libgcc' '-mtune=generic' '-march=x86-64'
gmake[1]: Leaving directory `/data0/home/wjl/matrixSolver/solver/src_cpp_learning/build/CMakeFiles/CMakeTmp'



Parsed CUDA implicit include dir info from above output: rv=done
  found start of include info
  found start of implicit include info
    add: [/public/software/cuda-11.5/bin/../targets/x86_64-linux/include]
    add: [/data0/home/wjl/software/gcc-9.4/usr/local/include]
    add: [.]
    add: [/data0/home/wjl/software/gcc-9.4/usr/local/bin/../lib/gcc/x86_64-pc-linux-gnu/9.4.0/../../../../include/c++/9.4.0]
    add: [/data0/home/wjl/software/gcc-9.4/usr/local/bin/../lib/gcc/x86_64-pc-linux-gnu/9.4.0/../../../../include/c++/9.4.0/x86_64-pc-linux-gnu]
    add: [/data0/home/wjl/software/gcc-9.4/usr/local/bin/../lib/gcc/x86_64-pc-linux-gnu/9.4.0/../../../../include/c++/9.4.0/backward]
    add: [/data0/home/wjl/software/gcc-9.4/usr/local/bin/../lib/gcc/x86_64-pc-linux-gnu/9.4.0/include]
    add: [/data0/home/wjl/software/gcc-9.4/usr/local/bin/../lib/gcc/x86_64-pc-linux-gnu/9.4.0/include-fixed]
    add: [/usr/local/include]
    add: [/usr/include]
  end of search list found
  collapse include dir [/public/software/cuda-11.5/bin/../targets/x86_64-linux/include] ==> [/public/software/cuda-11.5/targets/x86_64-linux/include]
  collapse include dir [/data0/home/wjl/software/gcc-9.4/usr/local/include] ==> [/data0/home/wjl/software/gcc-9.4/usr/local/include]
  skipping relative include dir [.]
  collapse include dir [/data0/home/wjl/software/gcc-9.4/usr/local/bin/../lib/gcc/x86_64-pc-linux-gnu/9.4.0/../../../../include/c++/9.4.0] ==> [/data0/home/wjl/software/gcc-9.4/usr/local/include/c++/9.4.0]
  collapse include dir [/data0/home/wjl/software/gcc-9.4/usr/local/bin/../lib/gcc/x86_64-pc-linux-gnu/9.4.0/../../../../include/c++/9.4.0/x86_64-pc-linux-gnu] ==> [/data0/home/wjl/software/gcc-9.4/usr/local/include/c++/9.4.0/x86_64-pc-linux-gnu]
  collapse include dir [/data0/home/wjl/software/gcc-9.4/usr/local/bin/../lib/gcc/x86_64-pc-linux-gnu/9.4.0/../../../../include/c++/9.4.0/backward] ==> [/data0/home/wjl/software/gcc-9.4/usr/local/include/c++/9.4.0/backward]
  collapse include dir [/data0/home/wjl/software/gcc-9.4/usr/local/bin/../lib/gcc/x86_64-pc-linux-gnu/9.4.0/include] ==> [/data0/home/wjl/software/gcc-9.4/usr/local/lib/gcc/x86_64-pc-linux-gnu/9.4.0/include]
  collapse include dir [/data0/home/wjl/software/gcc-9.4/usr/local/bin/../lib/gcc/x86_64-pc-linux-gnu/9.4.0/include-fixed] ==> [/data0/home/wjl/software/gcc-9.4/usr/local/lib/gcc/x86_64-pc-linux-gnu/9.4.0/include-fixed]
  collapse include dir [/usr/local/include] ==> [/usr/local/include]
  collapse include dir [/usr/include] ==> [/usr/include]
  implicit include dirs: [/public/software/cuda-11.5/targets/x86_64-linux/include;/data0/home/wjl/software/gcc-9.4/usr/local/include;/data0/home/wjl/software/gcc-9.4/usr/local/include/c++/9.4.0;/data0/home/wjl/software/gcc-9.4/usr/local/include/c++/9.4.0/x86_64-pc-linux-gnu;/data0/home/wjl/software/gcc-9.4/usr/local/include/c++/9.4.0/backward;/data0/home/wjl/software/gcc-9.4/usr/local/lib/gcc/x86_64-pc-linux-gnu/9.4.0/include;/data0/home/wjl/software/gcc-9.4/usr/local/lib/gcc/x86_64-pc-linux-gnu/9.4.0/include-fixed;/usr/local/include;/usr/include]


Parsed CUDA implicit link information from above output:
  link line regex: [^( *|.*[/\])(ld|CMAKE_LINK_STARTFILE-NOTFOUND|([^/\]+-)?ld|collect2)[^/\]*( |$)]
  ignore line: [Change Dir: /data0/home/wjl/matrixSolver/solver/src_cpp_learning/build/CMakeFiles/CMakeTmp]
  ignore line: []
  ignore line: [Run Build Command(s):/usr/bin/gmake -f Makefile cmTC_c1fde/fast && /usr/bin/gmake  -f CMakeFiles/cmTC_c1fde.dir/build.make CMakeFiles/cmTC_c1fde.dir/build]
  ignore line: [gmake[1]: Entering directory `/data0/home/wjl/matrixSolver/solver/src_cpp_learning/build/CMakeFiles/CMakeTmp']
  ignore line: [Building CUDA object CMakeFiles/cmTC_c1fde.dir/CMakeCUDACompilerABI.cu.o]
  ignore line: [/public/software/cuda-11.5/bin/nvcc -forward-unknown-to-host-compiler   --generate-code=arch=compute_80 code=[compute_80 sm_80]   -Xcompiler=-v -MD -MT CMakeFiles/cmTC_c1fde.dir/CMakeCUDACompilerABI.cu.o -MF CMakeFiles/cmTC_c1fde.dir/CMakeCUDACompilerABI.cu.o.d -x cu -c /data0/home/wjl/software/cmake-3.20/share/cmake-3.20/Modules/CMakeCUDACompilerABI.cu -o CMakeFiles/cmTC_c1fde.dir/CMakeCUDACompilerABI.cu.o]
  ignore line: [Using built-in specs.]
  ignore line: [COLLECT_GCC=gcc]
  ignore line: [Target: x86_64-pc-linux-gnu]
  ignore line: [Configured with: ../configure -enable-checking=release -enable-languages=c c++ fortran -disable-multilib]
  ignore line: [Thread model: posix]
  ignore line: [gcc version 9.4.0 (GCC) ]
  ignore line: [COLLECT_GCC_OPTIONS='-D' '__CUDA_ARCH__=800' '-D' '__CUDA_ARCH_LIST__=800' '-E' '-D' 'CUDA_DOUBLE_MATH_FUNCTIONS' '-D' '__CUDACC__' '-D' '__NVCC__' '-v' '-I' '/public/software/cuda-11.5/bin/../targets/x86_64-linux/include' '-D' '__CUDACC_VER_MAJOR__=11' '-D' '__CUDACC_VER_MINOR__=5' '-D' '__CUDACC_VER_BUILD__=119' '-D' '__CUDA_API_VER_MAJOR__=11' '-D' '__CUDA_API_VER_MINOR__=5' '-D' '__NVCC_DIAG_PRAGMA_SUPPORT__=1' '-include' 'cuda_runtime.h' '-m64' '-o' '/tmp/tmpxft_00016ce1_00000000-7_CMakeCUDACompilerABI.cpp1.ii' '-mtune=generic' '-march=x86-64']
  ignore line: [ /data0/home/wjl/software/gcc-9.4/usr/local/bin/../libexec/gcc/x86_64-pc-linux-gnu/9.4.0/cc1plus -E -quiet -v -I /public/software/cuda-11.5/bin/../targets/x86_64-linux/include -iprefix /data0/home/wjl/software/gcc-9.4/usr/local/bin/../lib/gcc/x86_64-pc-linux-gnu/9.4.0/ -D_GNU_SOURCE -D __CUDA_ARCH__=800 -D __CUDA_ARCH_LIST__=800 -D CUDA_DOUBLE_MATH_FUNCTIONS -D __CUDACC__ -D __NVCC__ -D __CUDACC_VER_MAJOR__=11 -D __CUDACC_VER_MINOR__=5 -D __CUDACC_VER_BUILD__=119 -D __CUDA_API_VER_MAJOR__=11 -D __CUDA_API_VER_MINOR__=5 -D __NVCC_DIAG_PRAGMA_SUPPORT__=1 -include cuda_runtime.h /data0/home/wjl/software/cmake-3.20/share/cmake-3.20/Modules/CMakeCUDACompilerABI.cu -o /tmp/tmpxft_00016ce1_00000000-7_CMakeCUDACompilerABI.cpp1.ii -m64 -mtune=generic -march=x86-64]
  ignore line: [ignoring nonexistent directory "/data0/home/wjl/software/gcc-9.4/usr/local/bin/../lib/gcc/x86_64-pc-linux-gnu/9.4.0/../../../../x86_64-pc-linux-gnu/include"]
  ignore line: [ignoring duplicate directory "/data0/home/wjl/software/gcc-9.4/usr/local/bin/../lib/gcc/../../lib/gcc/x86_64-pc-linux-gnu/9.4.0/../../../../include/c++/9.4.0"]
  ignore line: [ignoring duplicate directory "/data0/home/wjl/software/gcc-9.4/usr/local/bin/../lib/gcc/../../lib/gcc/x86_64-pc-linux-gnu/9.4.0/../../../../include/c++/9.4.0/x86_64-pc-linux-gnu"]
  ignore line: [ignoring duplicate directory "/data0/home/wjl/software/gcc-9.4/usr/local/bin/../lib/gcc/../../lib/gcc/x86_64-pc-linux-gnu/9.4.0/../../../../include/c++/9.4.0/backward"]
  ignore line: [ignoring duplicate directory "/data0/home/wjl/software/gcc-9.4/usr/local/bin/../lib/gcc/../../lib/gcc/x86_64-pc-linux-gnu/9.4.0/include"]
  ignore line: [ignoring duplicate directory "/data0/home/wjl/software/gcc-9.4/usr/local/bin/../lib/gcc/../../lib/gcc/x86_64-pc-linux-gnu/9.4.0/include-fixed"]
  ignore line: [ignoring nonexistent directory "/data0/home/wjl/software/gcc-9.4/usr/local/bin/../lib/gcc/../../lib/gcc/x86_64-pc-linux-gnu/9.4.0/../../../../x86_64-pc-linux-gnu/include"]
  ignore line: [#include "..." search starts here:]
  ignore line: [#include <...> search starts here:]
  ignore line: [ /public/software/cuda-11.5/bin/../targets/x86_64-linux/include]
  ignore line: [ /data0/home/wjl/software/gcc-9.4/usr/local/include]
  ignore line: [ .]
  ignore line: [ /data0/home/wjl/software/gcc-9.4/usr/local/bin/../lib/gcc/x86_64-pc-linux-gnu/9.4.0/../../../../include/c++/9.4.0]
  ignore line: [ /data0/home/wjl/software/gcc-9.4/usr/local/bin/../lib/gcc/x86_64-pc-linux-gnu/9.4.0/../../../../include/c++/9.4.0/x86_64-pc-linux-gnu]
  ignore line: [ /data0/home/wjl/software/gcc-9.4/usr/local/bin/../lib/gcc/x86_64-pc-linux-gnu/9.4.0/../../../../include/c++/9.4.0/backward]
  ignore line: [ /data0/home/wjl/software/gcc-9.4/usr/local/bin/../lib/gcc/x86_64-pc-linux-gnu/9.4.0/include]
  ignore line: [ /data0/home/wjl/software/gcc-9.4/usr/local/bin/../lib/gcc/x86_64-pc-linux-gnu/9.4.0/include-fixed]
  ignore line: [ /usr/local/include]
  ignore line: [ /usr/include]
  ignore line: [End of search list.]
  ignore line: [COMPILER_PATH=/data0/home/wjl/software/gcc-9.4/usr/local/bin/../libexec/gcc/x86_64-pc-linux-gnu/9.4.0/:/data0/home/wjl/software/gcc-9.4/usr/local/bin/../libexec/gcc/]
  ignore line: [LIBRARY_PATH=/data0/home/wjl/software/gcc-9.4/usr/local/bin/../lib/gcc/x86_64-pc-linux-gnu/9.4.0/:/data0/home/wjl/software/gcc-9.4/usr/local/bin/../lib/gcc/:/data0/home/wjl/software/gcc-9.4/usr/local/lib/../lib64/:/data0/home/wjl/software/gcc-9.4/usr/local/bin/../lib/gcc/x86_64-pc-linux-gnu/9.4.0/../../../../lib64/:/lib/../lib64/:/usr/lib/../lib64/:/data0/home/wjl/software/gcc-9.4/usr/local/lib/:./:/data0/home/wjl/software/gcc-9.4/usr/local/bin/../lib/gcc/x86_64-pc-linux-gnu/9.4.0/../../../:/lib/:/usr/lib/]
  ignore line: [COLLECT_GCC_OPTIONS='-D' '__CUDA_ARCH__=800' '-D' '__CUDA_ARCH_LIST__=800' '-E' '-D' 'CUDA_DOUBLE_MATH_FUNCTIONS' '-D' '__CUDACC__' '-D' '__NVCC__' '-v' '-I' '/public/software/cuda-11.5/bin/../targets/x86_64-linux/include' '-D' '__CUDACC_VER_MAJOR__=11' '-D' '__CUDACC_VER_MINOR__=5' '-D' '__CUDACC_VER_BUILD__=119' '-D' '__CUDA_API_VER_MAJOR__=11' '-D' '__CUDA_API_VER_MINOR__=5' '-D' '__NVCC_DIAG_PRAGMA_SUPPORT__=1' '-include' 'cuda_runtime.h' '-m64' '-o' '/tmp/tmpxft_00016ce1_00000000-7_CMakeCUDACompilerABI.cpp1.ii' '-mtune=generic' '-march=x86-64']
  ignore line: [Using built-in specs.]
  ignore line: [COLLECT_GCC=gcc]
  ignore line: [Target: x86_64-pc-linux-gnu]
  ignore line: [Configured with: ../configure -enable-checking=release -enable-languages=c c++ fortran -disable-multilib]
  ignore line: [Thread model: posix]
  ignore line: [gcc version 9.4.0 (GCC) ]
  ignore line: [COLLECT_GCC_OPTIONS='-D' '__CUDA_ARCH_LIST__=800' '-E' '-D' '__CUDACC__' '-D' '__NVCC__' '-v' '-I' '/public/software/cuda-11.5/bin/../targets/x86_64-linux/include' '-D' '__CUDACC_VER_MAJOR__=11' '-D' '__CUDACC_VER_MINOR__=5' '-D' '__CUDACC_VER_BUILD__=119' '-D' '__CUDA_API_VER_MAJOR__=11' '-D' '__CUDA_API_VER_MINOR__=5' '-D' '__NVCC_DIAG_PRAGMA_SUPPORT__=1' '-include' 'cuda_runtime.h' '-m64' '-o' '/tmp/tmpxft_00016ce1_00000000-5_CMakeCUDACompilerABI.cpp4.ii' '-mtune=generic' '-march=x86-64']
  ignore line: [ /data0/home/wjl/software/gcc-9.4/usr/local/bin/../libexec/gcc/x86_64-pc-linux-gnu/9.4.0/cc1plus -E -quiet -v -I /public/software/cuda-11.5/bin/../targets/x86_64-linux/include -iprefix /data0/home/wjl/software/gcc-9.4/usr/local/bin/../lib/gcc/x86_64-pc-linux-gnu/9.4.0/ -D_GNU_SOURCE -D __CUDA_ARCH_LIST__=800 -D __CUDACC__ -D __NVCC__ -D __CUDACC_VER_MAJOR__=11 -D __CUDACC_VER_MINOR__=5 -D __CUDACC_VER_BUILD__=119 -D __CUDA_API_VER_MAJOR__=11 -D __CUDA_API_VER_MINOR__=5 -D __NVCC_DIAG_PRAGMA_SUPPORT__=1 -include cuda_runtime.h /data0/home/wjl/software/cmake-3.20/share/cmake-3.20/Modules/CMakeCUDACompilerABI.cu -o /tmp/tmpxft_00016ce1_00000000-5_CMakeCUDACompilerABI.cpp4.ii -m64 -mtune=generic -march=x86-64]
  ignore line: [ignoring nonexistent directory "/data0/home/wjl/software/gcc-9.4/usr/local/bin/../lib/gcc/x86_64-pc-linux-gnu/9.4.0/../../../../x86_64-pc-linux-gnu/include"]
  ignore line: [ignoring duplicate directory "/data0/home/wjl/software/gcc-9.4/usr/local/bin/../lib/gcc/../../lib/gcc/x86_64-pc-linux-gnu/9.4.0/../../../../include/c++/9.4.0"]
  ignore line: [ignoring duplicate directory "/data0/home/wjl/software/gcc-9.4/usr/local/bin/../lib/gcc/../../lib/gcc/x86_64-pc-linux-gnu/9.4.0/../../../../include/c++/9.4.0/x86_64-pc-linux-gnu"]
  ignore line: [ignoring duplicate directory "/data0/home/wjl/software/gcc-9.4/usr/local/bin/../lib/gcc/../../lib/gcc/x86_64-pc-linux-gnu/9.4.0/../../../../include/c++/9.4.0/backward"]
  ignore line: [ignoring duplicate directory "/data0/home/wjl/software/gcc-9.4/usr/local/bin/../lib/gcc/../../lib/gcc/x86_64-pc-linux-gnu/9.4.0/include"]
  ignore line: [ignoring duplicate directory "/data0/home/wjl/software/gcc-9.4/usr/local/bin/../lib/gcc/../../lib/gcc/x86_64-pc-linux-gnu/9.4.0/include-fixed"]
  ignore line: [ignoring nonexistent directory "/data0/home/wjl/software/gcc-9.4/usr/local/bin/../lib/gcc/../../lib/gcc/x86_64-pc-linux-gnu/9.4.0/../../../../x86_64-pc-linux-gnu/include"]
  ignore line: [#include "..." search starts here:]
  ignore line: [#include <...> search starts here:]
  ignore line: [ /public/software/cuda-11.5/bin/../targets/x86_64-linux/include]
  ignore line: [ /data0/home/wjl/software/gcc-9.4/usr/local/include]
  ignore line: [ .]
  ignore line: [ /data0/home/wjl/software/gcc-9.4/usr/local/bin/../lib/gcc/x86_64-pc-linux-gnu/9.4.0/../../../../include/c++/9.4.0]
  ignore line: [ /data0/home/wjl/software/gcc-9.4/usr/local/bin/../lib/gcc/x86_64-pc-linux-gnu/9.4.0/../../../../include/c++/9.4.0/x86_64-pc-linux-gnu]
  ignore line: [ /data0/home/wjl/software/gcc-9.4/usr/local/bin/../lib/gcc/x86_64-pc-linux-gnu/9.4.0/../../../../include/c++/9.4.0/backward]
  ignore line: [ /data0/home/wjl/software/gcc-9.4/usr/local/bin/../lib/gcc/x86_64-pc-linux-gnu/9.4.0/include]
  ignore line: [ /data0/home/wjl/software/gcc-9.4/usr/local/bin/../lib/gcc/x86_64-pc-linux-gnu/9.4.0/include-fixed]
  ignore line: [ /usr/local/include]
  ignore line: [ /usr/include]
  ignore line: [End of search list.]
  ignore line: [COMPILER_PATH=/data0/home/wjl/software/gcc-9.4/usr/local/bin/../libexec/gcc/x86_64-pc-linux-gnu/9.4.0/:/data0/home/wjl/software/gcc-9.4/usr/local/bin/../libexec/gcc/]
  ignore line: [LIBRARY_PATH=/data0/home/wjl/software/gcc-9.4/usr/local/bin/../lib/gcc/x86_64-pc-linux-gnu/9.4.0/:/data0/home/wjl/software/gcc-9.4/usr/local/bin/../lib/gcc/:/data0/home/wjl/software/gcc-9.4/usr/local/lib/../lib64/:/data0/home/wjl/software/gcc-9.4/usr/local/bin/../lib/gcc/x86_64-pc-linux-gnu/9.4.0/../../../../lib64/:/lib/../lib64/:/usr/lib/../lib64/:/data0/home/wjl/software/gcc-9.4/usr/local/lib/:./:/data0/home/wjl/software/gcc-9.4/usr/local/bin/../lib/gcc/x86_64-pc-linux-gnu/9.4.0/../../../:/lib/:/usr/lib/]
  ignore line: [COLLECT_GCC_OPTIONS='-D' '__CUDA_ARCH_LIST__=800' '-E' '-D' '__CUDACC__' '-D' '__NVCC__' '-v' '-I' '/public/software/cuda-11.5/bin/../targets/x86_64-linux/include' '-D' '__CUDACC_VER_MAJOR__=11' '-D' '__CUDACC_VER_MINOR__=5' '-D' '__CUDACC_VER_BUILD__=119' '-D' '__CUDA_API_VER_MAJOR__=11' '-D' '__CUDA_API_VER_MINOR__=5' '-D' '__NVCC_DIAG_PRAGMA_SUPPORT__=1' '-include' 'cuda_runtime.h' '-m64' '-o' '/tmp/tmpxft_00016ce1_00000000-5_CMakeCUDACompilerABI.cpp4.ii' '-mtune=generic' '-march=x86-64']
  ignore line: [Using built-in specs.]
  ignore line: [COLLECT_GCC=gcc]
  ignore line: [Target: x86_64-pc-linux-gnu]
  ignore line: [Configured with: ../configure -enable-checking=release -enable-languages=c c++ fortran -disable-multilib]
  ignore line: [Thread model: posix]
  ignore line: [gcc version 9.4.0 (GCC) ]
  ignore line: [COLLECT_GCC_OPTIONS='-D' '__CUDA_ARCH__=800' '-D' '__CUDA_ARCH_LIST__=800' '-c' '-D' 'CUDA_DOUBLE_MATH_FUNCTIONS' '-v' '-I' '/public/software/cuda-11.5/bin/../targets/x86_64-linux/include' '-m64' '-o' 'CMakeFiles/cmTC_c1fde.dir/CMakeCUDACompilerABI.cu.o' '-mtune=generic' '-march=x86-64']
  ignore line: [ /data0/home/wjl/software/gcc-9.4/usr/local/bin/../libexec/gcc/x86_64-pc-linux-gnu/9.4.0/cc1plus -quiet -v -I /public/software/cuda-11.5/bin/../targets/x86_64-linux/include -iprefix /data0/home/wjl/software/gcc-9.4/usr/local/bin/../lib/gcc/x86_64-pc-linux-gnu/9.4.0/ -D_GNU_SOURCE -D __CUDA_ARCH__=800 -D __CUDA_ARCH_LIST__=800 -D CUDA_DOUBLE_MATH_FUNCTIONS /tmp/tmpxft_00016ce1_00000000-6_CMakeCUDACompilerABI.cudafe1.cpp -quiet -dumpbase tmpxft_00016ce1_00000000-6_CMakeCUDACompilerABI.cudafe1.cpp -m64 -mtune=generic -march=x86-64 -auxbase-strip CMakeFiles/cmTC_c1fde.dir/CMakeCUDACompilerABI.cu.o -version -o /tmp/ccjZew4F.s]
  ignore line: [GNU C++14 (GCC) version 9.4.0 (x86_64-pc-linux-gnu)]
  ignore line: [	compiled by GNU C version 9.4.0  GMP version 6.1.0  MPFR version 3.1.4  MPC version 1.0.3  isl version isl-0.18-GMP]
  ignore line: []
  ignore line: [GGC heuristics: --param ggc-min-expand=100 --param ggc-min-heapsize=131072]
  ignore line: [ignoring nonexistent directory "/data0/home/wjl/software/gcc-9.4/usr/local/bin/../lib/gcc/x86_64-pc-linux-gnu/9.4.0/../../../../x86_64-pc-linux-gnu/include"]
  ignore line: [ignoring duplicate directory "/data0/home/wjl/software/gcc-9.4/usr/local/bin/../lib/gcc/../../lib/gcc/x86_64-pc-linux-gnu/9.4.0/../../../../include/c++/9.4.0"]
  ignore line: [ignoring duplicate directory "/data0/home/wjl/software/gcc-9.4/usr/local/bin/../lib/gcc/../../lib/gcc/x86_64-pc-linux-gnu/9.4.0/../../../../include/c++/9.4.0/x86_64-pc-linux-gnu"]
  ignore line: [ignoring duplicate directory "/data0/home/wjl/software/gcc-9.4/usr/local/bin/../lib/gcc/../../lib/gcc/x86_64-pc-linux-gnu/9.4.0/../../../../include/c++/9.4.0/backward"]
  ignore line: [ignoring duplicate directory "/data0/home/wjl/software/gcc-9.4/usr/local/bin/../lib/gcc/../../lib/gcc/x86_64-pc-linux-gnu/9.4.0/include"]
  ignore line: [ignoring duplicate directory "/data0/home/wjl/software/gcc-9.4/usr/local/bin/../lib/gcc/../../lib/gcc/x86_64-pc-linux-gnu/9.4.0/include-fixed"]
  ignore line: [ignoring nonexistent directory "/data0/home/wjl/software/gcc-9.4/usr/local/bin/../lib/gcc/../../lib/gcc/x86_64-pc-linux-gnu/9.4.0/../../../../x86_64-pc-linux-gnu/include"]
  ignore line: [#include "..." search starts here:]
  ignore line: [#include <...> search starts here:]
  ignore line: [ /public/software/cuda-11.5/bin/../targets/x86_64-linux/include]
  ignore line: [ /data0/home/wjl/software/gcc-9.4/usr/local/include]
  ignore line: [ .]
  ignore line: [ /data0/home/wjl/software/gcc-9.4/usr/local/bin/../lib/gcc/x86_64-pc-linux-gnu/9.4.0/../../../../include/c++/9.4.0]
  ignore line: [ /data0/home/wjl/software/gcc-9.4/usr/local/bin/../lib/gcc/x86_64-pc-linux-gnu/9.4.0/../../../../include/c++/9.4.0/x86_64-pc-linux-gnu]
  ignore line: [ /data0/home/wjl/software/gcc-9.4/usr/local/bin/../lib/gcc/x86_64-pc-linux-gnu/9.4.0/../../../../include/c++/9.4.0/backward]
  ignore line: [ /data0/home/wjl/software/gcc-9.4/usr/local/bin/../lib/gcc/x86_64-pc-linux-gnu/9.4.0/include]
  ignore line: [ /data0/home/wjl/software/gcc-9.4/usr/local/bin/../lib/gcc/x86_64-pc-linux-gnu/9.4.0/include-fixed]
  ignore line: [ /usr/local/include]
  ignore line: [ /usr/include]
  ignore line: [End of search list.]
  ignore line: [GNU C++14 (GCC) version 9.4.0 (x86_64-pc-linux-gnu)]
  ignore line: [	compiled by GNU C version 9.4.0  GMP version 6.1.0  MPFR version 3.1.4  MPC version 1.0.3  isl version isl-0.18-GMP]
  ignore line: []
  ignore line: [GGC heuristics: --param ggc-min-expand=100 --param ggc-min-heapsize=131072]
  ignore line: [Compiler executable checksum: 1e694816a469bd14530d05eda68582c4]
  ignore line: [COLLECT_GCC_OPTIONS='-D' '__CUDA_ARCH__=800' '-D' '__CUDA_ARCH_LIST__=800' '-c' '-D' 'CUDA_DOUBLE_MATH_FUNCTIONS' '-v' '-I' '/public/software/cuda-11.5/bin/../targets/x86_64-linux/include' '-m64' '-o' 'CMakeFiles/cmTC_c1fde.dir/CMakeCUDACompilerABI.cu.o' '-mtune=generic' '-march=x86-64']
  ignore line: [ as -v -I /public/software/cuda-11.5/bin/../targets/x86_64-linux/include --64 -o CMakeFiles/cmTC_c1fde.dir/CMakeCUDACompilerABI.cu.o /tmp/ccjZew4F.s]
  ignore line: [GNU assembler version 2.27 (x86_64-redhat-linux) using BFD version version 2.27-44.base.el7]
  ignore line: [COMPILER_PATH=/data0/home/wjl/software/gcc-9.4/usr/local/bin/../libexec/gcc/x86_64-pc-linux-gnu/9.4.0/:/data0/home/wjl/software/gcc-9.4/usr/local/bin/../libexec/gcc/]
  ignore line: [LIBRARY_PATH=/data0/home/wjl/software/gcc-9.4/usr/local/bin/../lib/gcc/x86_64-pc-linux-gnu/9.4.0/:/data0/home/wjl/software/gcc-9.4/usr/local/bin/../lib/gcc/:/data0/home/wjl/software/gcc-9.4/usr/local/lib/../lib64/:/data0/home/wjl/software/gcc-9.4/usr/local/bin/../lib/gcc/x86_64-pc-linux-gnu/9.4.0/../../../../lib64/:/lib/../lib64/:/usr/lib/../lib64/:/data0/home/wjl/software/gcc-9.4/usr/local/lib/:./:/data0/home/wjl/software/gcc-9.4/usr/local/bin/../lib/gcc/x86_64-pc-linux-gnu/9.4.0/../../../:/lib/:/usr/lib/]
  ignore line: [COLLECT_GCC_OPTIONS='-D' '__CUDA_ARCH__=800' '-D' '__CUDA_ARCH_LIST__=800' '-c' '-D' 'CUDA_DOUBLE_MATH_FUNCTIONS' '-v' '-I' '/public/software/cuda-11.5/bin/../targets/x86_64-linux/include' '-m64' '-o' 'CMakeFiles/cmTC_c1fde.dir/CMakeCUDACompilerABI.cu.o' '-mtune=generic' '-march=x86-64']
  ignore line: [Linking CUDA executable cmTC_c1fde]
  ignore line: [/data0/home/wjl/software/cmake-3.20/bin/cmake -E cmake_link_script CMakeFiles/cmTC_c1fde.dir/link.txt --verbose=1]
  ignore line: [/data0/home/wjl/software/gcc-9.4/usr/local/bin/g++  -v CMakeFiles/cmTC_c1fde.dir/CMakeCUDACompilerABI.cu.o -o cmTC_c1fde  -lcudadevrt -lcudart_static -lrt -lpthread -ldl  -L"/public/software/cuda-11.5/targets/x86_64-linux/lib/stubs" -L"/public/software/cuda-11.5/targets/x86_64-linux/lib"]
  ignore line: [Using built-in specs.]
  ignore line: [COLLECT_GCC=/data0/home/wjl/software/gcc-9.4/usr/local/bin/g++]
  ignore line: [COLLECT_LTO_WRAPPER=/data0/home/wjl/software/gcc-9.4/usr/local/bin/../libexec/gcc/x86_64-pc-linux-gnu/9.4.0/lto-wrapper]
  ignore line: [Target: x86_64-pc-linux-gnu]
  ignore line: [Configured with: ../configure -enable-checking=release -enable-languages=c c++ fortran -disable-multilib]
  ignore line: [Thread model: posix]
  ignore line: [gcc version 9.4.0 (GCC) ]
  ignore line: [COMPILER_PATH=/data0/home/wjl/software/gcc-9.4/usr/local/bin/../libexec/gcc/x86_64-pc-linux-gnu/9.4.0/:/data0/home/wjl/software/gcc-9.4/usr/local/bin/../libexec/gcc/]
  ignore line: [LIBRARY_PATH=/data0/home/wjl/software/gcc-9.4/usr/local/bin/../lib/gcc/x86_64-pc-linux-gnu/9.4.0/:/data0/home/wjl/software/gcc-9.4/usr/local/bin/../lib/gcc/:/data0/home/wjl/software/gcc-9.4/usr/local/lib/../lib64/:/data0/home/wjl/software/gcc-9.4/usr/local/bin/../lib/gcc/x86_64-pc-linux-gnu/9.4.0/../../../../lib64/:/lib/../lib64/:/usr/lib/../lib64/:/data0/home/wjl/software/gcc-9.4/usr/local/lib/:./:/data0/home/wjl/software/gcc-9.4/usr/local/bin/../lib/gcc/x86_64-pc-linux-gnu/9.4.0/../../../:/lib/:/usr/lib/]
  ignore line: [COLLECT_GCC_OPTIONS='-v' '-o' 'cmTC_c1fde' '-L/public/software/cuda-11.5/targets/x86_64-linux/lib/stubs' '-L/public/software/cuda-11.5/targets/x86_64-linux/lib' '-shared-libgcc' '-mtune=generic' '-march=x86-64']
  link line: [ /data0/home/wjl/software/gcc-9.4/usr/local/bin/../libexec/gcc/x86_64-pc-linux-gnu/9.4.0/collect2 -plugin /data0/home/wjl/software/gcc-9.4/usr/local/bin/../libexec/gcc/x86_64-pc-linux-gnu/9.4.0/liblto_plugin.so -plugin-opt=/data0/home/wjl/software/gcc-9.4/usr/local/bin/../libexec/gcc/x86_64-pc-linux-gnu/9.4.0/lto-wrapper -plugin-opt=-fresolution=/tmp/cciNjWFQ.res -plugin-opt=-pass-through=-lgcc_s -plugin-opt=-pass-through=-lgcc -plugin-opt=-pass-through=-lc -plugin-opt=-pass-through=-lgcc_s -plugin-opt=-pass-through=-lgcc --eh-frame-hdr -m elf_x86_64 -dynamic-linker /lib64/ld-linux-x86-64.so.2 -o cmTC_c1fde /lib/../lib64/crt1.o /lib/../lib64/crti.o /data0/home/wjl/software/gcc-9.4/usr/local/bin/../lib/gcc/x86_64-pc-linux-gnu/9.4.0/crtbegin.o -L/public/software/cuda-11.5/targets/x86_64-linux/lib/stubs -L/public/software/cuda-11.5/targets/x86_64-linux/lib -L/data0/home/wjl/software/gcc-9.4/usr/local/bin/../lib/gcc/x86_64-pc-linux-gnu/9.4.0 -L/data0/home/wjl/software/gcc-9.4/usr/local/bin/../lib/gcc -L/data0/home/wjl/software/gcc-9.4/usr/local/lib/../lib64 -L/data0/home/wjl/software/gcc-9.4/usr/local/bin/../lib/gcc/x86_64-pc-linux-gnu/9.4.0/../../../../lib64 -L/lib/../lib64 -L/usr/lib/../lib64 -L/data0/home/wjl/software/gcc-9.4/usr/local/lib -L. -L/data0/home/wjl/software/gcc-9.4/usr/local/bin/../lib/gcc/x86_64-pc-linux-gnu/9.4.0/../../.. CMakeFiles/cmTC_c1fde.dir/CMakeCUDACompilerABI.cu.o -lcudadevrt -lcudart_static -lrt -lpthread -ldl -lstdc++ -lm -lgcc_s -lgcc -lc -lgcc_s -lgcc /data0/home/wjl/software/gcc-9.4/usr/local/bin/../lib/gcc/x86_64-pc-linux-gnu/9.4.0/crtend.o /lib/../lib64/crtn.o]
    arg [/data0/home/wjl/software/gcc-9.4/usr/local/bin/../libexec/gcc/x86_64-pc-linux-gnu/9.4.0/collect2] ==> ignore
    arg [-plugin] ==> ignore
    arg [/data0/home/wjl/software/gcc-9.4/usr/local/bin/../libexec/gcc/x86_64-pc-linux-gnu/9.4.0/liblto_plugin.so] ==> ignore
    arg [-plugin-opt=/data0/home/wjl/software/gcc-9.4/usr/local/bin/../libexec/gcc/x86_64-pc-linux-gnu/9.4.0/lto-wrapper] ==> ignore
    arg [-plugin-opt=-fresolution=/tmp/cciNjWFQ.res] ==> ignore
    arg [-plugin-opt=-pass-through=-lgcc_s] ==> ignore
    arg [-plugin-opt=-pass-through=-lgcc] ==> ignore
    arg [-plugin-opt=-pass-through=-lc] ==> ignore
    arg [-plugin-opt=-pass-through=-lgcc_s] ==> ignore
    arg [-plugin-opt=-pass-through=-lgcc] ==> ignore
    arg [--eh-frame-hdr] ==> ignore
    arg [-m] ==> ignore
    arg [elf_x86_64] ==> ignore
    arg [-dynamic-linker] ==> ignore
    arg [/lib64/ld-linux-x86-64.so.2] ==> ignore
    arg [-o] ==> ignore
    arg [cmTC_c1fde] ==> ignore
    arg [/lib/../lib64/crt1.o] ==> obj [/lib/../lib64/crt1.o]
    arg [/lib/../lib64/crti.o] ==> obj [/lib/../lib64/crti.o]
    arg [/data0/home/wjl/software/gcc-9.4/usr/local/bin/../lib/gcc/x86_64-pc-linux-gnu/9.4.0/crtbegin.o] ==> obj [/data0/home/wjl/software/gcc-9.4/usr/local/bin/../lib/gcc/x86_64-pc-linux-gnu/9.4.0/crtbegin.o]
    arg [-L/public/software/cuda-11.5/targets/x86_64-linux/lib/stubs] ==> dir [/public/software/cuda-11.5/targets/x86_64-linux/lib/stubs]
    arg [-L/public/software/cuda-11.5/targets/x86_64-linux/lib] ==> dir [/public/software/cuda-11.5/targets/x86_64-linux/lib]
    arg [-L/data0/home/wjl/software/gcc-9.4/usr/local/bin/../lib/gcc/x86_64-pc-linux-gnu/9.4.0] ==> dir [/data0/home/wjl/software/gcc-9.4/usr/local/bin/../lib/gcc/x86_64-pc-linux-gnu/9.4.0]
    arg [-L/data0/home/wjl/software/gcc-9.4/usr/local/bin/../lib/gcc] ==> dir [/data0/home/wjl/software/gcc-9.4/usr/local/bin/../lib/gcc]
    arg [-L/data0/home/wjl/software/gcc-9.4/usr/local/lib/../lib64] ==> dir [/data0/home/wjl/software/gcc-9.4/usr/local/lib/../lib64]
    arg [-L/data0/home/wjl/software/gcc-9.4/usr/local/bin/../lib/gcc/x86_64-pc-linux-gnu/9.4.0/../../../../lib64] ==> dir [/data0/home/wjl/software/gcc-9.4/usr/local/bin/../lib/gcc/x86_64-pc-linux-gnu/9.4.0/../../../../lib64]
    arg [-L/lib/../lib64] ==> dir [/lib/../lib64]
    arg [-L/usr/lib/../lib64] ==> dir [/usr/lib/../lib64]
    arg [-L/data0/home/wjl/software/gcc-9.4/usr/local/lib] ==> dir [/data0/home/wjl/software/gcc-9.4/usr/local/lib]
    arg [-L.] ==> ignore
    arg [-L/data0/home/wjl/software/gcc-9.4/usr/local/bin/../lib/gcc/x86_64-pc-linux-gnu/9.4.0/../../..] ==> dir [/data0/home/wjl/software/gcc-9.4/usr/local/bin/../lib/gcc/x86_64-pc-linux-gnu/9.4.0/../../..]
    arg [CMakeFiles/cmTC_c1fde.dir/CMakeCUDACompilerABI.cu.o] ==> ignore
    arg [-lcudadevrt] ==> lib [cudadevrt]
    arg [-lcudart_static] ==> lib [cudart_static]
    arg [-lrt] ==> lib [rt]
    arg [-lpthread] ==> lib [pthread]
    arg [-ldl] ==> lib [dl]
    arg [-lstdc++] ==> lib [stdc++]
    arg [-lm] ==> lib [m]
    arg [-lgcc_s] ==> lib [gcc_s]
    arg [-lgcc] ==> lib [gcc]
    arg [-lc] ==> lib [c]
    arg [-lgcc_s] ==> lib [gcc_s]
    arg [-lgcc] ==> lib [gcc]
    arg [/data0/home/wjl/software/gcc-9.4/usr/local/bin/../lib/gcc/x86_64-pc-linux-gnu/9.4.0/crtend.o] ==> obj [/data0/home/wjl/software/gcc-9.4/usr/local/bin/../lib/gcc/x86_64-pc-linux-gnu/9.4.0/crtend.o]
    arg [/lib/../lib64/crtn.o] ==> obj [/lib/../lib64/crtn.o]
  collapse obj [/lib/../lib64/crt1.o] ==> [/lib64/crt1.o]
  collapse obj [/lib/../lib64/crti.o] ==> [/lib64/crti.o]
  collapse obj [/data0/home/wjl/software/gcc-9.4/usr/local/bin/../lib/gcc/x86_64-pc-linux-gnu/9.4.0/crtbegin.o] ==> [/data0/home/wjl/software/gcc-9.4/usr/local/lib/gcc/x86_64-pc-linux-gnu/9.4.0/crtbegin.o]
  collapse obj [/data0/home/wjl/software/gcc-9.4/usr/local/bin/../lib/gcc/x86_64-pc-linux-gnu/9.4.0/crtend.o] ==> [/data0/home/wjl/software/gcc-9.4/usr/local/lib/gcc/x86_64-pc-linux-gnu/9.4.0/crtend.o]
  collapse obj [/lib/../lib64/crtn.o] ==> [/lib64/crtn.o]
  collapse library dir [/public/software/cuda-11.5/targets/x86_64-linux/lib/stubs] ==> [/public/software/cuda-11.5/targets/x86_64-linux/lib/stubs]
  collapse library dir [/public/software/cuda-11.5/targets/x86_64-linux/lib] ==> [/public/software/cuda-11.5/targets/x86_64-linux/lib]
  collapse library dir [/data0/home/wjl/software/gcc-9.4/usr/local/bin/../lib/gcc/x86_64-pc-linux-gnu/9.4.0] ==> [/data0/home/wjl/software/gcc-9.4/usr/local/lib/gcc/x86_64-pc-linux-gnu/9.4.0]
  collapse library dir [/data0/home/wjl/software/gcc-9.4/usr/local/bin/../lib/gcc] ==> [/data0/home/wjl/software/gcc-9.4/usr/local/lib/gcc]
  collapse library dir [/data0/home/wjl/software/gcc-9.4/usr/local/lib/../lib64] ==> [/data0/home/wjl/software/gcc-9.4/usr/local/lib64]
  collapse library dir [/data0/home/wjl/software/gcc-9.4/usr/local/bin/../lib/gcc/x86_64-pc-linux-gnu/9.4.0/../../../../lib64] ==> [/data0/home/wjl/software/gcc-9.4/usr/local/lib64]
  collapse library dir [/lib/../lib64] ==> [/lib64]
  collapse library dir [/usr/lib/../lib64] ==> [/usr/lib64]
  collapse library dir [/data0/home/wjl/software/gcc-9.4/usr/local/lib] ==> [/data0/home/wjl/software/gcc-9.4/usr/local/lib]
  collapse library dir [/data0/home/wjl/software/gcc-9.4/usr/local/bin/../lib/gcc/x86_64-pc-linux-gnu/9.4.0/../../..] ==> [/data0/home/wjl/software/gcc-9.4/usr/local/lib]
  implicit libs: [cudadevrt;cudart_static;rt;pthread;dl;stdc++;m;gcc_s;gcc;c;gcc_s;gcc]
  implicit objs: [/lib64/crt1.o;/lib64/crti.o;/data0/home/wjl/software/gcc-9.4/usr/local/lib/gcc/x86_64-pc-linux-gnu/9.4.0/crtbegin.o;/data0/home/wjl/software/gcc-9.4/usr/local/lib/gcc/x86_64-pc-linux-gnu/9.4.0/crtend.o;/lib64/crtn.o]
  implicit dirs: [/public/software/cuda-11.5/targets/x86_64-linux/lib/stubs;/public/software/cuda-11.5/targets/x86_64-linux/lib;/data0/home/wjl/software/gcc-9.4/usr/local/lib/gcc/x86_64-pc-linux-gnu/9.4.0;/data0/home/wjl/software/gcc-9.4/usr/local/lib/gcc;/data0/home/wjl/software/gcc-9.4/usr/local/lib64;/lib64;/usr/lib64;/data0/home/wjl/software/gcc-9.4/usr/local/lib]
  implicit fwks: []


Determining if the include file pthread.h exists passed with the following output:
Change Dir: /data0/home/wjl/matrixSolver/solver/src_cpp_learning/build/CMakeFiles/CMakeTmp

Run Build Command(s):/usr/bin/gmake -f Makefile cmTC_92793/fast && /usr/bin/gmake  -f CMakeFiles/cmTC_92793.dir/build.make CMakeFiles/cmTC_92793.dir/build
gmake[1]: Entering directory `/data0/home/wjl/matrixSolver/solver/src_cpp_learning/build/CMakeFiles/CMakeTmp'
Building CXX object CMakeFiles/cmTC_92793.dir/CheckIncludeFile.cxx.o
/data0/home/wjl/software/gcc-9.4/usr/local/bin/c++   -std=gnu++17 -o CMakeFiles/cmTC_92793.dir/CheckIncludeFile.cxx.o -c /data0/home/wjl/matrixSolver/solver/src_cpp_learning/build/CMakeFiles/CMakeTmp/CheckIncludeFile.cxx
Linking CXX executable cmTC_92793
/data0/home/wjl/software/cmake-3.20/bin/cmake -E cmake_link_script CMakeFiles/cmTC_92793.dir/link.txt --verbose=1
/data0/home/wjl/software/gcc-9.4/usr/local/bin/c++ CMakeFiles/cmTC_92793.dir/CheckIncludeFile.cxx.o -o cmTC_92793 
gmake[1]: Leaving directory `/data0/home/wjl/matrixSolver/solver/src_cpp_learning/build/CMakeFiles/CMakeTmp'



Determining if the function pthread_create exists in the pthread passed with the following output:
Change Dir: /data0/home/wjl/matrixSolver/solver/src_cpp_learning/build/CMakeFiles/CMakeTmp

Run Build Command(s):/usr/bin/gmake -f Makefile cmTC_884be/fast && /usr/bin/gmake  -f CMakeFiles/cmTC_884be.dir/build.make CMakeFiles/cmTC_884be.dir/build
gmake[1]: Entering directory `/data0/home/wjl/matrixSolver/solver/src_cpp_learning/build/CMakeFiles/CMakeTmp'
Building CXX object CMakeFiles/cmTC_884be.dir/CheckFunctionExists.cxx.o
/data0/home/wjl/software/gcc-9.4/usr/local/bin/c++   -DCHECK_FUNCTION_EXISTS=pthread_create -std=gnu++17 -o CMakeFiles/cmTC_884be.dir/CheckFunctionExists.cxx.o -c /data0/home/wjl/matrixSolver/solver/src_cpp_learning/build/CMakeFiles/CheckLibraryExists/CheckFunctionExists.cxx
Linking CXX executable cmTC_884be
/data0/home/wjl/software/cmake-3.20/bin/cmake -E cmake_link_script CMakeFiles/cmTC_884be.dir/link.txt --verbose=1
/data0/home/wjl/software/gcc-9.4/usr/local/bin/c++  -DCHECK_FUNCTION_EXISTS=pthread_create CMakeFiles/cmTC_884be.dir/CheckFunctionExists.cxx.o -o cmTC_884be  -lpthread 
gmake[1]: Leaving directory `/data0/home/wjl/matrixSolver/solver/src_cpp_learning/build/CMakeFiles/CMakeTmp'



