Performing C++ SOURCE FILE Test CMAKE_HAVE_LIBC_PTHREAD failed with the following output:
Change Dir: /data0/home/wjl/matrixSolver/solver/src_cpp_learning/build/CMakeFiles/CMakeTmp

Run Build Command(s):/usr/bin/gmake -f Makefile cmTC_526b2/fast && /usr/bin/gmake  -f CMakeFiles/cmTC_526b2.dir/build.make CMakeFiles/cmTC_526b2.dir/build
gmake[1]: Entering directory `/data0/home/wjl/matrixSolver/solver/src_cpp_learning/build/CMakeFiles/CMakeTmp'
Building CXX object CMakeFiles/cmTC_526b2.dir/src.cxx.o
/data0/home/wjl/software/gcc-9.4/usr/local/bin/c++ -DCMAKE_HAVE_LIBC_PTHREAD  -std=gnu++17 -o CMakeFiles/cmTC_526b2.dir/src.cxx.o -c /data0/home/wjl/matrixSolver/solver/src_cpp_learning/build/CMakeFiles/CMakeTmp/src.cxx
Linking CXX executable cmTC_526b2
/data0/home/wjl/software/cmake-3.20/bin/cmake -E cmake_link_script CMakeFiles/cmTC_526b2.dir/link.txt --verbose=1
/data0/home/wjl/software/gcc-9.4/usr/local/bin/c++ CMakeFiles/cmTC_526b2.dir/src.cxx.o -o cmTC_526b2 
CMakeFiles/cmTC_526b2.dir/src.cxx.o: In function `main':
src.cxx:(.text+0x2d): undefined reference to `pthread_create'
src.cxx:(.text+0x39): undefined reference to `pthread_detach'
src.cxx:(.text+0x45): undefined reference to `pthread_cancel'
src.cxx:(.text+0x56): undefined reference to `pthread_join'
src.cxx:(.text+0x6a): undefined reference to `pthread_atfork'
collect2: error: ld returned 1 exit status
gmake[1]: *** [cmTC_526b2] Error 1
gmake[1]: Leaving directory `/data0/home/wjl/matrixSolver/solver/src_cpp_learning/build/CMakeFiles/CMakeTmp'
gmake: *** [cmTC_526b2/fast] Error 2


Source file was:
#include <pthread.h>

static void* test_func(void* data)
{
  return data;
}

int main(void)
{
  pthread_t thread;
  pthread_create(&thread, NULL, test_func, NULL);
  pthread_detach(thread);
  pthread_cancel(thread);
  pthread_join(thread, NULL);
  pthread_atfork(NULL, NULL, NULL);
  pthread_exit(NULL);

  return 0;
}

Determining if the function pthread_create exists in the pthreads failed with the following output:
Change Dir: /data0/home/wjl/matrixSolver/solver/src_cpp_learning/build/CMakeFiles/CMakeTmp

Run Build Command(s):/usr/bin/gmake -f Makefile cmTC_608cb/fast && /usr/bin/gmake  -f CMakeFiles/cmTC_608cb.dir/build.make CMakeFiles/cmTC_608cb.dir/build
gmake[1]: Entering directory `/data0/home/wjl/matrixSolver/solver/src_cpp_learning/build/CMakeFiles/CMakeTmp'
Building CXX object CMakeFiles/cmTC_608cb.dir/CheckFunctionExists.cxx.o
/data0/home/wjl/software/gcc-9.4/usr/local/bin/c++   -DCHECK_FUNCTION_EXISTS=pthread_create -std=gnu++17 -o CMakeFiles/cmTC_608cb.dir/CheckFunctionExists.cxx.o -c /data0/home/wjl/matrixSolver/solver/src_cpp_learning/build/CMakeFiles/CheckLibraryExists/CheckFunctionExists.cxx
Linking CXX executable cmTC_608cb
/data0/home/wjl/software/cmake-3.20/bin/cmake -E cmake_link_script CMakeFiles/cmTC_608cb.dir/link.txt --verbose=1
/data0/home/wjl/software/gcc-9.4/usr/local/bin/c++  -DCHECK_FUNCTION_EXISTS=pthread_create CMakeFiles/cmTC_608cb.dir/CheckFunctionExists.cxx.o -o cmTC_608cb  -lpthreads 
/usr/bin/ld: cannot find -lpthreads
collect2: error: ld returned 1 exit status
gmake[1]: *** [cmTC_608cb] Error 1
gmake[1]: Leaving directory `/data0/home/wjl/matrixSolver/solver/src_cpp_learning/build/CMakeFiles/CMakeTmp'
gmake: *** [cmTC_608cb/fast] Error 2



